#
# There is insufficient memory for the Java Runtime Environment to continue.
# Native memory allocation (malloc) failed to allocate 2413504 bytes. Error detail: Chunk::new
# Possible reasons:
#   The system is out of physical RAM or swap space
#   This process is running with CompressedOops enabled, and the Java Heap may be blocking the growth of the native heap
# Possible solutions:
#   Reduce memory load on the system
#   Increase physical memory or swap space
#   Check if swap backing store is full
#   Decrease Java heap size (-Xmx/-Xms)
#   Decrease number of Java threads
#   Decrease Java thread stack sizes (-Xss)
#   Set larger code cache with -XX:ReservedCodeCacheSize=
#   JVM is running with Zero Based Compressed Oops mode in which the Java heap is
#     placed in the first 32GB address space. The Java Heap base address is the
#     maximum limit for the native heap growth. Please use -XX:HeapBaseMinAddress
#     to set the Java Heap base and to place the Java Heap above 32GB virtual address.
# This output file may be truncated or incomplete.
#
#  Out of Memory Error (arena.cpp:191), pid=22968, tid=7604
#
# JRE version: OpenJDK Runtime Environment Temurin-17.0.17+10 (17.0.17+10) (build 17.0.17+10)
# Java VM: OpenJDK 64-Bit Server VM Temurin-17.0.17+10 (17.0.17+10, mixed mode, sharing, tiered, compressed oops, compressed class ptrs, g1 gc, windows-amd64)
# No core dump will be written. Minidumps are not enabled by default on client versions of Windows
#

---------------  S U M M A R Y ------------

Command Line: -XX:+HeapDumpOnOutOfMemoryError --add-opens=java.base/java.util=ALL-UNNAMED --add-opens=java.base/java.lang=ALL-UNNAMED --add-opens=java.base/java.lang.invoke=ALL-UNNAMED --add-opens=java.prefs/java.util.prefs=ALL-UNNAMED --add-exports=jdk.compiler/com.sun.tools.javac.api=ALL-UNNAMED --add-exports=jdk.compiler/com.sun.tools.javac.util=ALL-UNNAMED --add-opens=java.base/java.nio.charset=ALL-UNNAMED --add-opens=java.base/java.net=ALL-UNNAMED --add-opens=java.base/java.util.concurrent.atomic=ALL-UNNAMED -Xmx4G -Dfile.encoding=utf8 -Duser.country=US -Duser.language=en -Duser.variant -javaagent:C:\Users\User\.gradle\wrapper\dists\gradle-8.9-bin\90cnw93cvbtalezasaz0blq0a\gradle-8.9\lib\agents\gradle-instrumentation-agent-8.9.jar org.gradle.launcher.daemon.bootstrap.GradleDaemon 8.9

Host: Intel(R) Core(TM) i3-1005G1 CPU @ 1.20GHz, 4 cores, 7G,  Windows 11 , 64 bit Build 26100 (10.0.26100.7309)
Time: Sun Dec  7 16:59:23 2025 Bangladesh Standard Time elapsed time: 33.021494 seconds (0d 0h 0m 33s)

---------------  T H R E A D  ---------------

Current thread (0x000002c54d9a6610):  JavaThread "C2 CompilerThread0" daemon [_thread_in_native, id=7604, stack(0x000000e332100000,0x000000e332200000)]


Current CompileTask:
C2:33021 12841       4       org.gradle.internal.instantiation.generator.AbstractClassGenerator::inspectType (560 bytes)

Stack: [0x000000e332100000,0x000000e332200000]
Native frames: (J=compiled Java code, j=interpreted, Vv=VM code, C=native code)
V  [jvm.dll+0x683fb9]
V  [jvm.dll+0x83a1b5]
V  [jvm.dll+0x83bc2e]
V  [jvm.dll+0x83c2b3]
V  [jvm.dll+0x248eff]
V  [jvm.dll+0xad496]
V  [jvm.dll+0xadb3c]
V  [jvm.dll+0x368a3e]
V  [jvm.dll+0x1bc1ef]
V  [jvm.dll+0x219f10]
V  [jvm.dll+0x219200]
V  [jvm.dll+0x1a4920]
V  [jvm.dll+0x22989a]
V  [jvm.dll+0x227a4b]
V  [jvm.dll+0x7effb8]
V  [jvm.dll+0x7ea44c]
V  [jvm.dll+0x682e87]
C  [ucrtbase.dll+0x37b0]
C  [KERNEL32.DLL+0x2e8d7]
C  [ntdll.dll+0x8c53c]


---------------  P R O C E S S  ---------------

Threads class SMR info:
_java_thread_list=0x000002c5a1d05890, length=54, elements={
0x000002c52b32a520, 0x000002c54d987710, 0x000002c54d98a990, 0x000002c54d99ef60,
0x000002c54d9a1840, 0x000002c54d9a28b0, 0x000002c54d9a3180, 0x000002c54d9a6610,
0x000002c59300c0a0, 0x000002c59300e9c0, 0x000002c54d975840, 0x000002c59326a370,
0x000002c594a04020, 0x000002c594b7cee0, 0x000002c595027910, 0x000002c594ab0140,
0x000002c594b69fd0, 0x000002c594bcb920, 0x000002c594bcaf00, 0x000002c594bcb410,
0x000002c594bcbe30, 0x000002c594bcdc90, 0x000002c594bca4e0, 0x000002c594bccd60,
0x000002c594bcd270, 0x000002c594bcc340, 0x000002c594bca9f0, 0x000002c594bcc850,
0x000002c594bcd780, 0x000002c59566bcd0, 0x000002c59566f990, 0x000002c59566ef70,
0x000002c59566cc00, 0x000002c59566fea0, 0x000002c59566d620, 0x000002c59566f480,
0x000002c59566db30, 0x000002c59658f570, 0x000002c596593230, 0x000002c596593740,
0x000002c596590ec0, 0x000002c59658ff90, 0x000002c596593c50, 0x000002c5965904a0,
0x000002c596594160, 0x000002c596595090, 0x000002c596595fc0, 0x000002c596594670,
0x000002c596595ab0, 0x000002c5a18c5bb0, 0x000002c5a18c4c80, 0x000002c5a18c4770,
0x000002c5a18c4260, 0x000002c5a18c5190
}

Java Threads: ( => current thread )
  0x000002c52b32a520 JavaThread "main" [_thread_blocked, id=14212, stack(0x000000e331400000,0x000000e331500000)]
  0x000002c54d987710 JavaThread "Reference Handler" daemon [_thread_blocked, id=23776, stack(0x000000e331b00000,0x000000e331c00000)]
  0x000002c54d98a990 JavaThread "Finalizer" daemon [_thread_blocked, id=24512, stack(0x000000e331c00000,0x000000e331d00000)]
  0x000002c54d99ef60 JavaThread "Signal Dispatcher" daemon [_thread_blocked, id=24864, stack(0x000000e331d00000,0x000000e331e00000)]
  0x000002c54d9a1840 JavaThread "Attach Listener" daemon [_thread_blocked, id=23956, stack(0x000000e331e00000,0x000000e331f00000)]
  0x000002c54d9a28b0 JavaThread "Service Thread" daemon [_thread_blocked, id=17068, stack(0x000000e331f00000,0x000000e332000000)]
  0x000002c54d9a3180 JavaThread "Monitor Deflation Thread" daemon [_thread_blocked, id=1460, stack(0x000000e332000000,0x000000e332100000)]
=>0x000002c54d9a6610 JavaThread "C2 CompilerThread0" daemon [_thread_in_native, id=7604, stack(0x000000e332100000,0x000000e332200000)]
  0x000002c59300c0a0 JavaThread "C1 CompilerThread0" daemon [_thread_blocked, id=24840, stack(0x000000e332200000,0x000000e332300000)]
  0x000002c59300e9c0 JavaThread "Sweeper thread" daemon [_thread_blocked, id=10492, stack(0x000000e332300000,0x000000e332400000)]
  0x000002c54d975840 JavaThread "Common-Cleaner" daemon [_thread_blocked, id=25004, stack(0x000000e332400000,0x000000e332500000)]
  0x000002c59326a370 JavaThread "Notification Thread" daemon [_thread_blocked, id=4320, stack(0x000000e332500000,0x000000e332600000)]
  0x000002c594a04020 JavaThread "Daemon health stats" [_thread_blocked, id=19992, stack(0x000000e332b00000,0x000000e332c00000)]
  0x000002c594b7cee0 JavaThread "Incoming local TCP Connector on port 50733" [_thread_in_native, id=5412, stack(0x000000e332c00000,0x000000e332d00000)]
  0x000002c595027910 JavaThread "Daemon periodic checks" [_thread_blocked, id=6276, stack(0x000000e332d00000,0x000000e332e00000)]
  0x000002c594ab0140 JavaThread "Daemon" [_thread_blocked, id=20068, stack(0x000000e332e00000,0x000000e332f00000)]
  0x000002c594b69fd0 JavaThread "Handler for socket connection from /127.0.0.1:50733 to /127.0.0.1:50734" [_thread_in_native, id=13248, stack(0x000000e332f00000,0x000000e333000000)]
  0x000002c594bcb920 JavaThread "Cancel handler" [_thread_blocked, id=18192, stack(0x000000e333100000,0x000000e333200000)]
  0x000002c594bcaf00 JavaThread "Daemon worker" [_thread_blocked, id=13852, stack(0x000000e333200000,0x000000e333300000)]
  0x000002c594bcb410 JavaThread "Asynchronous log dispatcher for DefaultDaemonConnection: socket connection from /127.0.0.1:50733 to /127.0.0.1:50734" [_thread_blocked, id=3416, stack(0x000000e333300000,0x000000e333400000)]
  0x000002c594bcbe30 JavaThread "Stdin handler" [_thread_blocked, id=8296, stack(0x000000e333400000,0x000000e333500000)]
  0x000002c594bcdc90 JavaThread "Daemon client event forwarder" [_thread_blocked, id=19784, stack(0x000000e333500000,0x000000e333600000)]
  0x000002c594bca4e0 JavaThread "Cache worker for journal cache (C:\Users\User\.gradle\caches\journal-1)" [_thread_blocked, id=24256, stack(0x000000e333600000,0x000000e333700000)]
  0x000002c594bccd60 JavaThread "File lock request listener" [_thread_in_native, id=23292, stack(0x000000e333700000,0x000000e333800000)]
  0x000002c594bcd270 JavaThread "Cache worker for file hash cache (C:\Users\User\.gradle\caches\8.9\fileHashes)" [_thread_blocked, id=24108, stack(0x000000e333800000,0x000000e333900000)]
  0x000002c594bcc340 JavaThread "Cache worker for file hash cache (G:\Attendance\smart_employee\android\.gradle\8.9\fileHashes)" [_thread_blocked, id=20700, stack(0x000000e333900000,0x000000e333a00000)]
  0x000002c594bca9f0 JavaThread "Cache worker for Build Output Cleanup Cache (G:\Attendance\smart_employee\android\.gradle\buildOutputCleanup)" [_thread_blocked, id=14784, stack(0x000000e333a00000,0x000000e333b00000)]
  0x000002c594bcc850 JavaThread "File watcher server" daemon [_thread_in_native, id=8324, stack(0x000000e333b00000,0x000000e333c00000)]
  0x000002c594bcd780 JavaThread "File watcher consumer" daemon [_thread_blocked, id=22956, stack(0x000000e333c00000,0x000000e333d00000)]
  0x000002c59566bcd0 JavaThread "jar transforms" [_thread_blocked, id=22468, stack(0x000000e333d00000,0x000000e333e00000)]
  0x000002c59566f990 JavaThread "jar transforms Thread 2" [_thread_blocked, id=14276, stack(0x000000e333e00000,0x000000e333f00000)]
  0x000002c59566ef70 JavaThread "jar transforms Thread 3" [_thread_blocked, id=16048, stack(0x000000e333f00000,0x000000e334000000)]
  0x000002c59566cc00 JavaThread "Cache worker for checksums cache (G:\Attendance\smart_employee\android\.gradle\8.9\checksums)" [_thread_blocked, id=16848, stack(0x000000e333000000,0x000000e333100000)]
  0x000002c59566fea0 JavaThread "Cache worker for file content cache (C:\Users\User\.gradle\caches\8.9\fileContent)" [_thread_blocked, id=7252, stack(0x000000e334000000,0x000000e334100000)]
  0x000002c59566d620 JavaThread "Cache worker for cache directory md-rule (C:\Users\User\.gradle\caches\8.9\md-rule)" [_thread_blocked, id=20368, stack(0x000000e334100000,0x000000e334200000)]
  0x000002c59566f480 JavaThread "Cache worker for cache directory md-supplier (C:\Users\User\.gradle\caches\8.9\md-supplier)" [_thread_blocked, id=8964, stack(0x000000e334200000,0x000000e334300000)]
  0x000002c59566db30 JavaThread "jar transforms Thread 4" [_thread_blocked, id=10080, stack(0x000000e334400000,0x000000e334500000)]
  0x000002c59658f570 JavaThread "Cache worker for Build Output Cleanup Cache (C:\Flutter\SRC\flutter\packages\flutter_tools\gradle\.gradle\buildOutputCleanup)" [_thread_blocked, id=4988, stack(0x000000e334600000,0x000000e334700000)]
  0x000002c596593230 JavaThread "Unconstrained build operations" [_thread_blocked, id=21984, stack(0x000000e334700000,0x000000e334800000)]
  0x000002c596593740 JavaThread "Unconstrained build operations Thread 2" [_thread_blocked, id=3696, stack(0x000000e334800000,0x000000e334900000)]
  0x000002c596590ec0 JavaThread "Unconstrained build operations Thread 3" [_thread_blocked, id=23972, stack(0x000000e334900000,0x000000e334a00000)]
  0x000002c59658ff90 JavaThread "Unconstrained build operations Thread 4" [_thread_blocked, id=4552, stack(0x000000e334a00000,0x000000e334b00000)]
  0x000002c596593c50 JavaThread "Unconstrained build operations Thread 5" [_thread_blocked, id=18752, stack(0x000000e334b00000,0x000000e334c00000)]
  0x000002c5965904a0 JavaThread "Unconstrained build operations Thread 6" [_thread_blocked, id=20652, stack(0x000000e334c00000,0x000000e334d00000)]
  0x000002c596594160 JavaThread "Unconstrained build operations Thread 7" [_thread_blocked, id=8888, stack(0x000000e334d00000,0x000000e334e00000)]
  0x000002c596595090 JavaThread "Unconstrained build operations Thread 8" [_thread_blocked, id=15152, stack(0x000000e334e00000,0x000000e334f00000)]
  0x000002c596595fc0 JavaThread "Unconstrained build operations Thread 9" [_thread_blocked, id=21752, stack(0x000000e334f00000,0x000000e335000000)]
  0x000002c596594670 JavaThread "Memory manager" [_thread_blocked, id=13664, stack(0x000000e335100000,0x000000e335200000)]
  0x000002c596595ab0 JavaThread "build event listener" [_thread_blocked, id=12800, stack(0x000000e335000000,0x000000e335100000)]
  0x000002c5a18c5bb0 JavaThread "included builds" [_thread_blocked, id=22628, stack(0x000000e335300000,0x000000e335400000)]
  0x000002c5a18c4c80 JavaThread "Execution worker" [_thread_in_Java, id=9912, stack(0x000000e335400000,0x000000e335500000)]
  0x000002c5a18c4770 JavaThread "Execution worker Thread 2" [_thread_blocked, id=23012, stack(0x000000e335500000,0x000000e335600000)]
  0x000002c5a18c4260 JavaThread "Execution worker Thread 3" [_thread_blocked, id=15860, stack(0x000000e335600000,0x000000e335700000)]
  0x000002c5a18c5190 JavaThread "Cache worker for execution history cache (C:\Flutter\SRC\flutter\packages\flutter_tools\gradle\.gradle\8.9\executionHistory)" [_thread_new, id=25300, stack(0x0000000000000000,0x0000000000000000)]

Other Threads:
  0x000002c54d983f90 VMThread "VM Thread" [stack: 0x000000e331a00000,0x000000e331b00000] [id=12596]
  0x000002c5931b9560 WatcherThread [stack: 0x000000e332600000,0x000000e332700000] [id=11756]
  0x000002c52b39ad80 GCTaskThread "GC Thread#0" [stack: 0x000000e331500000,0x000000e331600000] [id=12312]
  0x000002c5932a5d50 GCTaskThread "GC Thread#1" [stack: 0x000000e332700000,0x000000e332800000] [id=6544]
  0x000002c5932ab1c0 GCTaskThread "GC Thread#2" [stack: 0x000000e332800000,0x000000e332900000] [id=17672]
  0x000002c5935a33f0 GCTaskThread "GC Thread#3" [stack: 0x000000e332a00000,0x000000e332b00000] [id=19944]
  0x000002c52b3ac920 ConcurrentGCThread "G1 Main Marker" [stack: 0x000000e331600000,0x000000e331700000] [id=22284]
  0x000002c52b3ad9f0 ConcurrentGCThread "G1 Conc#0" [stack: 0x000000e331700000,0x000000e331800000] [id=13352]
  0x000002c52b3de4b0 ConcurrentGCThread "G1 Refine#0" [stack: 0x000000e331800000,0x000000e331900000] [id=17316]
  0x000002c59472e9d0 ConcurrentGCThread "G1 Refine#1" [stack: 0x000000e332900000,0x000000e332a00000] [id=22412]
  0x000002c5961e50b0 ConcurrentGCThread "G1 Refine#2" [stack: 0x000000e334500000,0x000000e334600000] [id=1936]
  0x000002c52b3dec90 ConcurrentGCThread "G1 Service" [stack: 0x000000e331900000,0x000000e331a00000] [id=8044]

Threads with active compile tasks:
C2 CompilerThread0  33091 12841       4       org.gradle.internal.instantiation.generator.AbstractClassGenerator::inspectType (560 bytes)

VM state: not at safepoint (normal execution)

VM Mutex/Monitor currently owned by a thread: None

Heap address: 0x0000000700000000, size: 4096 MB, Compressed Oops mode: Zero based, Oop shift amount: 3

CDS archive(s) mapped at: [0x000002c54e000000-0x000002c54ebb0000-0x000002c54ebb0000), size 12255232, SharedBaseAddress: 0x000002c54e000000, ArchiveRelocationMode: 1.
Compressed class space mapped at: 0x000002c54f000000-0x000002c58f000000, reserved size: 1073741824
Narrow klass base: 0x000002c54e000000, Narrow klass shift: 0, Narrow klass range: 0x100000000

GC Precious Log:
 CPUs: 4 total, 4 available
 Memory: 7973M
 Large Page Support: Disabled
 NUMA Support: Disabled
 Compressed Oops: Enabled (Zero based)
 Heap Region Size: 2M
 Heap Min Capacity: 8M
 Heap Initial Capacity: 126M
 Heap Max Capacity: 4G
 Pre-touch: Disabled
 Parallel Workers: 4
 Concurrent Workers: 1
 Concurrent Refinement Workers: 4
 Periodic GC: Disabled

Heap:
 garbage-first heap   total 376832K, used 102655K [0x0000000700000000, 0x0000000800000000)
  region size 2048K, 3 young (6144K), 2 survivors (4096K)
 Metaspace       used 130347K, committed 131136K, reserved 1179648K
  class space    used 17038K, committed 17408K, reserved 1048576K

Heap Regions: E=young(eden), S=young(survivor), O=old, HS=humongous(starts), HC=humongous(continues), CS=collection set, F=free, OA=open archive, CA=closed archive, TAMS=top-at-mark-start (previous, next)
|   0|0x0000000700000000, 0x0000000700200000, 0x0000000700200000|100%|HS|  |TAMS 0x0000000700200000, 0x0000000700200000| Complete 
|   1|0x0000000700200000, 0x0000000700400000, 0x0000000700400000|100%|HC|  |TAMS 0x0000000700400000, 0x0000000700400000| Complete 
|   2|0x0000000700400000, 0x0000000700600000, 0x0000000700600000|100%| O|  |TAMS 0x0000000700600000, 0x0000000700600000| Untracked 
|   3|0x0000000700600000, 0x0000000700800000, 0x0000000700800000|100%| O|  |TAMS 0x0000000700800000, 0x0000000700800000| Untracked 
|   4|0x0000000700800000, 0x0000000700a00000, 0x0000000700a00000|100%| O|  |TAMS 0x0000000700a00000, 0x0000000700a00000| Untracked 
|   5|0x0000000700a00000, 0x0000000700c00000, 0x0000000700c00000|100%| O|  |TAMS 0x0000000700c00000, 0x0000000700c00000| Untracked 
|   6|0x0000000700c00000, 0x0000000700e00000, 0x0000000700e00000|100%| O|  |TAMS 0x0000000700e00000, 0x0000000700e00000| Untracked 
|   7|0x0000000700e00000, 0x0000000701000000, 0x0000000701000000|100%| O|  |TAMS 0x0000000701000000, 0x0000000701000000| Untracked 
|   8|0x0000000701000000, 0x0000000701153e00, 0x0000000701200000| 66%| O|  |TAMS 0x0000000701153e00, 0x0000000701153e00| Untracked 
|   9|0x0000000701200000, 0x0000000701400000, 0x0000000701400000|100%| O|  |TAMS 0x0000000701400000, 0x0000000701400000| Untracked 
|  10|0x0000000701400000, 0x0000000701600000, 0x0000000701600000|100%| O|  |TAMS 0x0000000701600000, 0x0000000701600000| Untracked 
|  11|0x0000000701600000, 0x0000000701800000, 0x0000000701800000|100%| O|  |TAMS 0x0000000701800000, 0x0000000701800000| Untracked 
|  12|0x0000000701800000, 0x0000000701a00000, 0x0000000701a00000|100%| O|  |TAMS 0x0000000701a00000, 0x0000000701a00000| Untracked 
|  13|0x0000000701a00000, 0x0000000701c00000, 0x0000000701c00000|100%| O|  |TAMS 0x0000000701c00000, 0x0000000701c00000| Untracked 
|  14|0x0000000701c00000, 0x0000000701e00000, 0x0000000701e00000|100%| O|  |TAMS 0x0000000701e00000, 0x0000000701e00000| Untracked 
|  15|0x0000000701e00000, 0x0000000702000000, 0x0000000702000000|100%| O|  |TAMS 0x0000000702000000, 0x0000000702000000| Untracked 
|  16|0x0000000702000000, 0x0000000702200000, 0x0000000702200000|100%| O|  |TAMS 0x0000000702200000, 0x0000000702200000| Untracked 
|  17|0x0000000702200000, 0x0000000702400000, 0x0000000702400000|100%| O|  |TAMS 0x0000000702400000, 0x0000000702400000| Untracked 
|  18|0x0000000702400000, 0x0000000702600000, 0x0000000702600000|100%| O|  |TAMS 0x0000000702600000, 0x0000000702600000| Untracked 
|  19|0x0000000702600000, 0x0000000702800000, 0x0000000702800000|100%| O|  |TAMS 0x0000000702800000, 0x0000000702800000| Untracked 
|  20|0x0000000702800000, 0x0000000702a00000, 0x0000000702a00000|100%| O|  |TAMS 0x0000000702a00000, 0x0000000702a00000| Untracked 
|  21|0x0000000702a00000, 0x0000000702c00000, 0x0000000702c00000|100%| O|  |TAMS 0x0000000702c00000, 0x0000000702c00000| Untracked 
|  22|0x0000000702c00000, 0x0000000702e00000, 0x0000000702e00000|100%| O|  |TAMS 0x0000000702e00000, 0x0000000702e00000| Untracked 
|  23|0x0000000702e00000, 0x0000000703000000, 0x0000000703000000|100%| O|  |TAMS 0x0000000703000000, 0x0000000703000000| Untracked 
|  24|0x0000000703000000, 0x0000000703000000, 0x0000000703200000|  0%| F|  |TAMS 0x0000000703000000, 0x0000000703000000| Untracked 
|  25|0x0000000703200000, 0x0000000703200000, 0x0000000703400000|  0%| F|  |TAMS 0x0000000703200000, 0x0000000703200000| Untracked 
|  26|0x0000000703400000, 0x0000000703400000, 0x0000000703600000|  0%| F|  |TAMS 0x0000000703400000, 0x0000000703400000| Untracked 
|  27|0x0000000703600000, 0x0000000703800000, 0x0000000703800000|100%| O|  |TAMS 0x0000000703800000, 0x0000000703800000| Untracked 
|  28|0x0000000703800000, 0x0000000703a00000, 0x0000000703a00000|100%| O|  |TAMS 0x0000000703a00000, 0x0000000703a00000| Untracked 
|  29|0x0000000703a00000, 0x0000000703c00000, 0x0000000703c00000|100%| O|  |TAMS 0x0000000703c00000, 0x0000000703c00000| Untracked 
|  30|0x0000000703c00000, 0x0000000703e00000, 0x0000000703e00000|100%|HS|  |TAMS 0x0000000703e00000, 0x0000000703e00000| Complete 
|  31|0x0000000703e00000, 0x0000000704000000, 0x0000000704000000|100%|HS|  |TAMS 0x0000000704000000, 0x0000000704000000| Complete 
|  32|0x0000000704000000, 0x0000000704200000, 0x0000000704200000|100%|HS|  |TAMS 0x0000000704200000, 0x0000000704200000| Complete 
|  33|0x0000000704200000, 0x0000000704400000, 0x0000000704400000|100%|HC|  |TAMS 0x0000000704400000, 0x0000000704400000| Complete 
|  34|0x0000000704400000, 0x0000000704400000, 0x0000000704600000|  0%| F|  |TAMS 0x0000000704400000, 0x0000000704400000| Untracked 
|  35|0x0000000704600000, 0x0000000704800000, 0x0000000704800000|100%| O|  |TAMS 0x0000000704800000, 0x0000000704800000| Untracked 
|  36|0x0000000704800000, 0x0000000704a00000, 0x0000000704a00000|100%| O|  |TAMS 0x0000000704a00000, 0x0000000704a00000| Untracked 
|  37|0x0000000704a00000, 0x0000000704c00000, 0x0000000704c00000|100%| O|  |TAMS 0x0000000704c00000, 0x0000000704c00000| Untracked 
|  38|0x0000000704c00000, 0x0000000704e00000, 0x0000000704e00000|100%| O|  |TAMS 0x0000000704e00000, 0x0000000704e00000| Untracked 
|  39|0x0000000704e00000, 0x0000000705000000, 0x0000000705000000|100%| O|  |TAMS 0x0000000704e00000, 0x0000000705000000| Untracked 
|  40|0x0000000705000000, 0x0000000705200000, 0x0000000705200000|100%| O|  |TAMS 0x0000000705200000, 0x0000000705200000| Untracked 
|  41|0x0000000705200000, 0x0000000705400000, 0x0000000705400000|100%| O|  |TAMS 0x0000000705400000, 0x0000000705400000| Untracked 
|  42|0x0000000705400000, 0x0000000705600000, 0x0000000705600000|100%| O|  |TAMS 0x0000000705600000, 0x0000000705600000| Untracked 
|  43|0x0000000705600000, 0x0000000705800000, 0x0000000705800000|100%| O|  |TAMS 0x0000000705800000, 0x0000000705800000| Untracked 
|  44|0x0000000705800000, 0x0000000705a00000, 0x0000000705a00000|100%| O|  |TAMS 0x0000000705a00000, 0x0000000705a00000| Untracked 
|  45|0x0000000705a00000, 0x0000000705c00000, 0x0000000705c00000|100%| O|  |TAMS 0x0000000705c00000, 0x0000000705c00000| Untracked 
|  46|0x0000000705c00000, 0x0000000705e00000, 0x0000000705e00000|100%| O|  |TAMS 0x0000000705e00000, 0x0000000705e00000| Untracked 
|  47|0x0000000705e00000, 0x0000000706000000, 0x0000000706000000|100%|HS|  |TAMS 0x0000000706000000, 0x0000000706000000| Complete 
|  48|0x0000000706000000, 0x0000000706200000, 0x0000000706200000|100%|HC|  |TAMS 0x0000000706200000, 0x0000000706200000| Complete 
|  49|0x0000000706200000, 0x0000000706400000, 0x0000000706400000|100%| O|  |TAMS 0x0000000706400000, 0x0000000706400000| Untracked 
|  50|0x0000000706400000, 0x0000000706600000, 0x0000000706600000|100%| O|  |TAMS 0x0000000706438a00, 0x0000000706600000| Untracked 
|  51|0x0000000706600000, 0x00000007067b4000, 0x0000000706800000| 85%| O|  |TAMS 0x0000000706600000, 0x00000007067b4000| Untracked 
|  52|0x0000000706800000, 0x0000000706800000, 0x0000000706a00000|  0%| F|  |TAMS 0x0000000706800000, 0x0000000706800000| Untracked 
|  53|0x0000000706a00000, 0x0000000706a00000, 0x0000000706c00000|  0%| F|  |TAMS 0x0000000706a00000, 0x0000000706a00000| Untracked 
|  54|0x0000000706c00000, 0x0000000706c00000, 0x0000000706e00000|  0%| F|  |TAMS 0x0000000706c00000, 0x0000000706c00000| Untracked 
|  55|0x0000000706e00000, 0x0000000706e00000, 0x0000000707000000|  0%| F|  |TAMS 0x0000000706e00000, 0x0000000706e00000| Untracked 
|  56|0x0000000707000000, 0x0000000707000000, 0x0000000707200000|  0%| F|  |TAMS 0x0000000707000000, 0x0000000707000000| Untracked 
|  57|0x0000000707200000, 0x0000000707200000, 0x0000000707400000|  0%| F|  |TAMS 0x0000000707200000, 0x0000000707200000| Untracked 
|  58|0x0000000707400000, 0x0000000707400000, 0x0000000707600000|  0%| F|  |TAMS 0x0000000707400000, 0x0000000707400000| Untracked 
|  59|0x0000000707600000, 0x0000000707600000, 0x0000000707800000|  0%| F|  |TAMS 0x0000000707600000, 0x0000000707600000| Untracked 
|  60|0x0000000707800000, 0x0000000707800000, 0x0000000707a00000|  0%| F|  |TAMS 0x0000000707800000, 0x0000000707800000| Untracked 
|  61|0x0000000707a00000, 0x0000000707a00000, 0x0000000707c00000|  0%| F|  |TAMS 0x0000000707a00000, 0x0000000707a00000| Untracked 
|  62|0x0000000707c00000, 0x0000000707c00000, 0x0000000707e00000|  0%| F|  |TAMS 0x0000000707c00000, 0x0000000707c00000| Untracked 
|  63|0x0000000707e00000, 0x0000000707e00000, 0x0000000708000000|  0%| F|  |TAMS 0x0000000707e00000, 0x0000000707e00000| Untracked 
|  64|0x0000000708000000, 0x0000000708000000, 0x0000000708200000|  0%| F|  |TAMS 0x0000000708000000, 0x0000000708000000| Untracked 
|  65|0x0000000708200000, 0x0000000708337e58, 0x0000000708400000| 60%| S|CS|TAMS 0x0000000708200000, 0x0000000708200000| Complete 
|  66|0x0000000708400000, 0x0000000708600000, 0x0000000708600000|100%| S|CS|TAMS 0x0000000708400000, 0x0000000708400000| Complete 
|  67|0x0000000708600000, 0x0000000708600000, 0x0000000708800000|  0%| F|  |TAMS 0x0000000708600000, 0x0000000708600000| Untracked 
|  68|0x0000000708800000, 0x0000000708800000, 0x0000000708a00000|  0%| F|  |TAMS 0x0000000708800000, 0x0000000708800000| Untracked 
|  69|0x0000000708a00000, 0x0000000708a00000, 0x0000000708c00000|  0%| F|  |TAMS 0x0000000708a00000, 0x0000000708a00000| Untracked 
|  70|0x0000000708c00000, 0x0000000708c00000, 0x0000000708e00000|  0%| F|  |TAMS 0x0000000708c00000, 0x0000000708c00000| Untracked 
|  71|0x0000000708e00000, 0x0000000708e00000, 0x0000000709000000|  0%| F|  |TAMS 0x0000000708e00000, 0x0000000708e00000| Untracked 
|  72|0x0000000709000000, 0x0000000709000000, 0x0000000709200000|  0%| F|  |TAMS 0x0000000709000000, 0x0000000709000000| Untracked 
|  73|0x0000000709200000, 0x0000000709200000, 0x0000000709400000|  0%| F|  |TAMS 0x0000000709200000, 0x0000000709200000| Untracked 
|  74|0x0000000709400000, 0x0000000709400000, 0x0000000709600000|  0%| F|  |TAMS 0x0000000709400000, 0x0000000709400000| Untracked 
|  75|0x0000000709600000, 0x0000000709600000, 0x0000000709800000|  0%| F|  |TAMS 0x0000000709600000, 0x0000000709600000| Untracked 
|  76|0x0000000709800000, 0x0000000709800000, 0x0000000709a00000|  0%| F|  |TAMS 0x0000000709800000, 0x0000000709800000| Untracked 
|  77|0x0000000709a00000, 0x0000000709a00000, 0x0000000709c00000|  0%| F|  |TAMS 0x0000000709a00000, 0x0000000709a00000| Untracked 
|  78|0x0000000709c00000, 0x0000000709c00000, 0x0000000709e00000|  0%| F|  |TAMS 0x0000000709c00000, 0x0000000709c00000| Untracked 
|  79|0x0000000709e00000, 0x0000000709e00000, 0x000000070a000000|  0%| F|  |TAMS 0x0000000709e00000, 0x0000000709e00000| Untracked 
|  80|0x000000070a000000, 0x000000070a000000, 0x000000070a200000|  0%| F|  |TAMS 0x000000070a000000, 0x000000070a000000| Untracked 
|  81|0x000000070a200000, 0x000000070a200000, 0x000000070a400000|  0%| F|  |TAMS 0x000000070a200000, 0x000000070a200000| Untracked 
|  82|0x000000070a400000, 0x000000070a400000, 0x000000070a600000|  0%| F|  |TAMS 0x000000070a400000, 0x000000070a400000| Untracked 
|  83|0x000000070a600000, 0x000000070a600000, 0x000000070a800000|  0%| F|  |TAMS 0x000000070a600000, 0x000000070a600000| Untracked 
|  84|0x000000070a800000, 0x000000070a800000, 0x000000070aa00000|  0%| F|  |TAMS 0x000000070a800000, 0x000000070a800000| Untracked 
|  85|0x000000070aa00000, 0x000000070aa00000, 0x000000070ac00000|  0%| F|  |TAMS 0x000000070aa00000, 0x000000070aa00000| Untracked 
|  86|0x000000070ac00000, 0x000000070ac00000, 0x000000070ae00000|  0%| F|  |TAMS 0x000000070ac00000, 0x000000070ac00000| Untracked 
|  87|0x000000070ae00000, 0x000000070ae00000, 0x000000070b000000|  0%| F|  |TAMS 0x000000070ae00000, 0x000000070ae00000| Untracked 
|  88|0x000000070b000000, 0x000000070b000000, 0x000000070b200000|  0%| F|  |TAMS 0x000000070b000000, 0x000000070b000000| Untracked 
|  89|0x000000070b200000, 0x000000070b200000, 0x000000070b400000|  0%| F|  |TAMS 0x000000070b200000, 0x000000070b200000| Untracked 
|  90|0x000000070b400000, 0x000000070b400000, 0x000000070b600000|  0%| F|  |TAMS 0x000000070b400000, 0x000000070b400000| Untracked 
|  91|0x000000070b600000, 0x000000070b600000, 0x000000070b800000|  0%| F|  |TAMS 0x000000070b600000, 0x000000070b600000| Untracked 
|  92|0x000000070b800000, 0x000000070b800000, 0x000000070ba00000|  0%| F|  |TAMS 0x000000070b800000, 0x000000070b800000| Untracked 
|  93|0x000000070ba00000, 0x000000070ba00000, 0x000000070bc00000|  0%| F|  |TAMS 0x000000070ba00000, 0x000000070ba00000| Untracked 
|  94|0x000000070bc00000, 0x000000070bc00000, 0x000000070be00000|  0%| F|  |TAMS 0x000000070bc00000, 0x000000070bc00000| Untracked 
|  95|0x000000070be00000, 0x000000070be00000, 0x000000070c000000|  0%| F|  |TAMS 0x000000070be00000, 0x000000070be00000| Untracked 
|  96|0x000000070c000000, 0x000000070c000000, 0x000000070c200000|  0%| F|  |TAMS 0x000000070c000000, 0x000000070c000000| Untracked 
|  97|0x000000070c200000, 0x000000070c200000, 0x000000070c400000|  0%| F|  |TAMS 0x000000070c200000, 0x000000070c200000| Untracked 
|  98|0x000000070c400000, 0x000000070c400000, 0x000000070c600000|  0%| F|  |TAMS 0x000000070c400000, 0x000000070c400000| Untracked 
|  99|0x000000070c600000, 0x000000070c600000, 0x000000070c800000|  0%| F|  |TAMS 0x000000070c600000, 0x000000070c600000| Untracked 
| 100|0x000000070c800000, 0x000000070c800000, 0x000000070ca00000|  0%| F|  |TAMS 0x000000070c800000, 0x000000070c800000| Untracked 
| 101|0x000000070ca00000, 0x000000070ca00000, 0x000000070cc00000|  0%| F|  |TAMS 0x000000070ca00000, 0x000000070ca00000| Untracked 
| 102|0x000000070cc00000, 0x000000070cc00000, 0x000000070ce00000|  0%| F|  |TAMS 0x000000070cc00000, 0x000000070cc00000| Untracked 
| 103|0x000000070ce00000, 0x000000070ce00000, 0x000000070d000000|  0%| F|  |TAMS 0x000000070ce00000, 0x000000070ce00000| Untracked 
| 104|0x000000070d000000, 0x000000070d000000, 0x000000070d200000|  0%| F|  |TAMS 0x000000070d000000, 0x000000070d000000| Untracked 
| 105|0x000000070d200000, 0x000000070d200000, 0x000000070d400000|  0%| F|  |TAMS 0x000000070d200000, 0x000000070d200000| Untracked 
| 106|0x000000070d400000, 0x000000070d400000, 0x000000070d600000|  0%| F|  |TAMS 0x000000070d400000, 0x000000070d400000| Untracked 
| 107|0x000000070d600000, 0x000000070d600000, 0x000000070d800000|  0%| F|  |TAMS 0x000000070d600000, 0x000000070d600000| Untracked 
| 108|0x000000070d800000, 0x000000070d800000, 0x000000070da00000|  0%| F|  |TAMS 0x000000070d800000, 0x000000070d800000| Untracked 
| 109|0x000000070da00000, 0x000000070da00000, 0x000000070dc00000|  0%| F|  |TAMS 0x000000070da00000, 0x000000070da00000| Untracked 
| 110|0x000000070dc00000, 0x000000070dc00000, 0x000000070de00000|  0%| F|  |TAMS 0x000000070dc00000, 0x000000070dc00000| Untracked 
| 111|0x000000070de00000, 0x000000070de00000, 0x000000070e000000|  0%| F|  |TAMS 0x000000070de00000, 0x000000070de00000| Untracked 
| 112|0x000000070e000000, 0x000000070e000000, 0x000000070e200000|  0%| F|  |TAMS 0x000000070e000000, 0x000000070e000000| Untracked 
| 113|0x000000070e200000, 0x000000070e200000, 0x000000070e400000|  0%| F|  |TAMS 0x000000070e200000, 0x000000070e200000| Untracked 
| 114|0x000000070e400000, 0x000000070e400000, 0x000000070e600000|  0%| F|  |TAMS 0x000000070e400000, 0x000000070e400000| Untracked 
| 115|0x000000070e600000, 0x000000070e600000, 0x000000070e800000|  0%| F|  |TAMS 0x000000070e600000, 0x000000070e600000| Untracked 
| 116|0x000000070e800000, 0x000000070e800000, 0x000000070ea00000|  0%| F|  |TAMS 0x000000070e800000, 0x000000070e800000| Untracked 
| 117|0x000000070ea00000, 0x000000070ea00000, 0x000000070ec00000|  0%| F|  |TAMS 0x000000070ea00000, 0x000000070ea00000| Untracked 
| 118|0x000000070ec00000, 0x000000070ec00000, 0x000000070ee00000|  0%| F|  |TAMS 0x000000070ec00000, 0x000000070ec00000| Untracked 
| 119|0x000000070ee00000, 0x000000070ee00000, 0x000000070f000000|  0%| F|  |TAMS 0x000000070ee00000, 0x000000070ee00000| Untracked 
| 120|0x000000070f000000, 0x000000070f000000, 0x000000070f200000|  0%| F|  |TAMS 0x000000070f000000, 0x000000070f000000| Untracked 
| 121|0x000000070f200000, 0x000000070f200000, 0x000000070f400000|  0%| F|  |TAMS 0x000000070f200000, 0x000000070f200000| Untracked 
| 122|0x000000070f400000, 0x000000070f400000, 0x000000070f600000|  0%| F|  |TAMS 0x000000070f400000, 0x000000070f400000| Untracked 
| 123|0x000000070f600000, 0x000000070f600000, 0x000000070f800000|  0%| F|  |TAMS 0x000000070f600000, 0x000000070f600000| Untracked 
| 124|0x000000070f800000, 0x000000070f800000, 0x000000070fa00000|  0%| F|  |TAMS 0x000000070f800000, 0x000000070f800000| Untracked 
| 125|0x000000070fa00000, 0x000000070fa00000, 0x000000070fc00000|  0%| F|  |TAMS 0x000000070fa00000, 0x000000070fa00000| Untracked 
| 126|0x000000070fc00000, 0x000000070fc00000, 0x000000070fe00000|  0%| F|  |TAMS 0x000000070fc00000, 0x000000070fc00000| Untracked 
| 127|0x000000070fe00000, 0x000000070fe00000, 0x0000000710000000|  0%| F|  |TAMS 0x000000070fe00000, 0x000000070fe00000| Untracked 
| 128|0x0000000710000000, 0x0000000710000000, 0x0000000710200000|  0%| F|  |TAMS 0x0000000710000000, 0x0000000710000000| Untracked 
| 129|0x0000000710200000, 0x0000000710200000, 0x0000000710400000|  0%| F|  |TAMS 0x0000000710200000, 0x0000000710200000| Untracked 
| 130|0x0000000710400000, 0x0000000710400000, 0x0000000710600000|  0%| F|  |TAMS 0x0000000710400000, 0x0000000710400000| Untracked 
| 131|0x0000000710600000, 0x0000000710600000, 0x0000000710800000|  0%| F|  |TAMS 0x0000000710600000, 0x0000000710600000| Untracked 
| 132|0x0000000710800000, 0x0000000710800000, 0x0000000710a00000|  0%| F|  |TAMS 0x0000000710800000, 0x0000000710800000| Untracked 
| 133|0x0000000710a00000, 0x0000000710a00000, 0x0000000710c00000|  0%| F|  |TAMS 0x0000000710a00000, 0x0000000710a00000| Untracked 
| 134|0x0000000710c00000, 0x0000000710c00000, 0x0000000710e00000|  0%| F|  |TAMS 0x0000000710c00000, 0x0000000710c00000| Untracked 
| 135|0x0000000710e00000, 0x0000000710e00000, 0x0000000711000000|  0%| F|  |TAMS 0x0000000710e00000, 0x0000000710e00000| Untracked 
| 136|0x0000000711000000, 0x0000000711000000, 0x0000000711200000|  0%| F|  |TAMS 0x0000000711000000, 0x0000000711000000| Untracked 
| 137|0x0000000711200000, 0x0000000711200000, 0x0000000711400000|  0%| F|  |TAMS 0x0000000711200000, 0x0000000711200000| Untracked 
| 138|0x0000000711400000, 0x0000000711400000, 0x0000000711600000|  0%| F|  |TAMS 0x0000000711400000, 0x0000000711400000| Untracked 
| 139|0x0000000711600000, 0x0000000711600000, 0x0000000711800000|  0%| F|  |TAMS 0x0000000711600000, 0x0000000711600000| Untracked 
| 140|0x0000000711800000, 0x0000000711800000, 0x0000000711a00000|  0%| F|  |TAMS 0x0000000711800000, 0x0000000711800000| Untracked 
| 141|0x0000000711a00000, 0x0000000711a00000, 0x0000000711c00000|  0%| F|  |TAMS 0x0000000711a00000, 0x0000000711a00000| Untracked 
| 142|0x0000000711c00000, 0x0000000711c00000, 0x0000000711e00000|  0%| F|  |TAMS 0x0000000711c00000, 0x0000000711c00000| Untracked 
| 143|0x0000000711e00000, 0x0000000711e00000, 0x0000000712000000|  0%| F|  |TAMS 0x0000000711e00000, 0x0000000711e00000| Untracked 
| 144|0x0000000712000000, 0x0000000712000000, 0x0000000712200000|  0%| F|  |TAMS 0x0000000712000000, 0x0000000712000000| Untracked 
| 145|0x0000000712200000, 0x0000000712200000, 0x0000000712400000|  0%| F|  |TAMS 0x0000000712200000, 0x0000000712200000| Untracked 
| 146|0x0000000712400000, 0x0000000712400000, 0x0000000712600000|  0%| F|  |TAMS 0x0000000712400000, 0x0000000712400000| Untracked 
| 147|0x0000000712600000, 0x0000000712600000, 0x0000000712800000|  0%| F|  |TAMS 0x0000000712600000, 0x0000000712600000| Untracked 
| 148|0x0000000712800000, 0x0000000712800000, 0x0000000712a00000|  0%| F|  |TAMS 0x0000000712800000, 0x0000000712800000| Untracked 
| 149|0x0000000712a00000, 0x0000000712a00000, 0x0000000712c00000|  0%| F|  |TAMS 0x0000000712a00000, 0x0000000712a00000| Untracked 
| 150|0x0000000712c00000, 0x0000000712c00000, 0x0000000712e00000|  0%| F|  |TAMS 0x0000000712c00000, 0x0000000712c00000| Untracked 
| 151|0x0000000712e00000, 0x0000000712e00000, 0x0000000713000000|  0%| F|  |TAMS 0x0000000712e00000, 0x0000000712e00000| Untracked 
| 152|0x0000000713000000, 0x0000000713000000, 0x0000000713200000|  0%| F|  |TAMS 0x0000000713000000, 0x0000000713000000| Untracked 
| 153|0x0000000713200000, 0x0000000713200000, 0x0000000713400000|  0%| F|  |TAMS 0x0000000713200000, 0x0000000713200000| Untracked 
| 154|0x0000000713400000, 0x0000000713400000, 0x0000000713600000|  0%| F|  |TAMS 0x0000000713400000, 0x0000000713400000| Untracked 
| 155|0x0000000713600000, 0x0000000713600000, 0x0000000713800000|  0%| F|  |TAMS 0x0000000713600000, 0x0000000713600000| Untracked 
| 156|0x0000000713800000, 0x0000000713800000, 0x0000000713a00000|  0%| F|  |TAMS 0x0000000713800000, 0x0000000713800000| Untracked 
| 157|0x0000000713a00000, 0x0000000713a00000, 0x0000000713c00000|  0%| F|  |TAMS 0x0000000713a00000, 0x0000000713a00000| Untracked 
| 158|0x0000000713c00000, 0x0000000713c00000, 0x0000000713e00000|  0%| F|  |TAMS 0x0000000713c00000, 0x0000000713c00000| Untracked 
| 159|0x0000000713e00000, 0x0000000713e00000, 0x0000000714000000|  0%| F|  |TAMS 0x0000000713e00000, 0x0000000713e00000| Untracked 
| 160|0x0000000714000000, 0x0000000714000000, 0x0000000714200000|  0%| F|  |TAMS 0x0000000714000000, 0x0000000714000000| Untracked 
| 161|0x0000000714200000, 0x0000000714200000, 0x0000000714400000|  0%| F|  |TAMS 0x0000000714200000, 0x0000000714200000| Untracked 
| 162|0x0000000714400000, 0x0000000714400000, 0x0000000714600000|  0%| F|  |TAMS 0x0000000714400000, 0x0000000714400000| Untracked 
| 163|0x0000000714600000, 0x0000000714600000, 0x0000000714800000|  0%| F|  |TAMS 0x0000000714600000, 0x0000000714600000| Untracked 
| 164|0x0000000714800000, 0x0000000714800000, 0x0000000714a00000|  0%| F|  |TAMS 0x0000000714800000, 0x0000000714800000| Untracked 
| 165|0x0000000714a00000, 0x0000000714a00000, 0x0000000714c00000|  0%| F|  |TAMS 0x0000000714a00000, 0x0000000714a00000| Untracked 
| 166|0x0000000714c00000, 0x0000000714c00000, 0x0000000714e00000|  0%| F|  |TAMS 0x0000000714c00000, 0x0000000714c00000| Untracked 
| 167|0x0000000714e00000, 0x0000000714e00000, 0x0000000715000000|  0%| F|  |TAMS 0x0000000714e00000, 0x0000000714e00000| Untracked 
| 168|0x0000000715000000, 0x0000000715000000, 0x0000000715200000|  0%| F|  |TAMS 0x0000000715000000, 0x0000000715000000| Untracked 
| 169|0x0000000715200000, 0x0000000715200000, 0x0000000715400000|  0%| F|  |TAMS 0x0000000715200000, 0x0000000715200000| Untracked 
| 170|0x0000000715400000, 0x0000000715400000, 0x0000000715600000|  0%| F|  |TAMS 0x0000000715400000, 0x0000000715400000| Untracked 
| 171|0x0000000715600000, 0x0000000715600000, 0x0000000715800000|  0%| F|  |TAMS 0x0000000715600000, 0x0000000715600000| Untracked 
| 172|0x0000000715800000, 0x0000000715800000, 0x0000000715a00000|  0%| F|  |TAMS 0x0000000715800000, 0x0000000715800000| Untracked 
| 173|0x0000000715a00000, 0x0000000715a00000, 0x0000000715c00000|  0%| F|  |TAMS 0x0000000715a00000, 0x0000000715a00000| Untracked 
| 174|0x0000000715c00000, 0x0000000715c00000, 0x0000000715e00000|  0%| F|  |TAMS 0x0000000715c00000, 0x0000000715c00000| Untracked 
| 175|0x0000000715e00000, 0x0000000715e00000, 0x0000000716000000|  0%| F|  |TAMS 0x0000000715e00000, 0x0000000715e00000| Untracked 
| 176|0x0000000716000000, 0x0000000716000000, 0x0000000716200000|  0%| F|  |TAMS 0x0000000716000000, 0x0000000716000000| Untracked 
| 177|0x0000000716200000, 0x0000000716200000, 0x0000000716400000|  0%| F|  |TAMS 0x0000000716200000, 0x0000000716200000| Untracked 
| 178|0x0000000716400000, 0x0000000716400000, 0x0000000716600000|  0%| F|  |TAMS 0x0000000716400000, 0x0000000716400000| Untracked 
| 179|0x0000000716600000, 0x0000000716600000, 0x0000000716800000|  0%| F|  |TAMS 0x0000000716600000, 0x0000000716600000| Untracked 
| 180|0x0000000716800000, 0x0000000716800000, 0x0000000716a00000|  0%| F|  |TAMS 0x0000000716800000, 0x0000000716800000| Untracked 
| 181|0x0000000716a00000, 0x0000000716a00000, 0x0000000716c00000|  0%| F|  |TAMS 0x0000000716a00000, 0x0000000716a00000| Untracked 
| 182|0x0000000716c00000, 0x0000000716ca34a8, 0x0000000716e00000| 31%| E|  |TAMS 0x0000000716c00000, 0x0000000716c00000| Complete 
|2047|0x00000007ffe00000, 0x0000000800000000, 0x0000000800000000|100%| O|  |TAMS 0x0000000800000000, 0x0000000800000000| Untracked 

Card table byte_map: [0x000002c5426a0000,0x000002c542ea0000] _byte_map_base: 0x000002c53eea0000

Marking Bits (Prev, Next): (CMBitMap*) 0x000002c52b39b2b0, (CMBitMap*) 0x000002c52b39b2f0
 Prev Bits: [0x000002c5436a0000, 0x000002c5476a0000)
 Next Bits: [0x000002c5476a0000, 0x000002c54b6a0000)

Polling page: 0x000002c529040000

Metaspace:

Usage:
  Non-class:    110.66 MB used.
      Class:     16.64 MB used.
       Both:    127.30 MB used.

Virtual space:
  Non-class space:      128.00 MB reserved,     111.06 MB ( 87%) committed,  2 nodes.
      Class space:        1.00 GB reserved,      17.00 MB (  2%) committed,  1 nodes.
             Both:        1.12 GB reserved,     128.06 MB ( 11%) committed. 

Chunk freelists:
   Non-Class:  720.00 KB
       Class:  14.97 MB
        Both:  15.67 MB

MaxMetaspaceSize: unlimited
CompressedClassSpaceSize: 1.00 GB
Initial GC threshold: 21.00 MB
Current GC threshold: 205.88 MB
CDS: on
MetaspaceReclaimPolicy: balanced
 - commit_granule_bytes: 65536.
 - commit_granule_words: 8192.
 - virtual_space_node_default_size: 8388608.
 - enlarge_chunks_in_place: 1.
 - new_chunks_are_fully_committed: 0.
 - uncommit_free_chunks: 1.
 - use_allocation_guard: 0.
 - handle_deallocations: 1.


Internal statistics:

num_allocs_failed_limit: 15.
num_arena_births: 1032.
num_arena_deaths: 0.
num_vsnodes_births: 3.
num_vsnodes_deaths: 0.
num_space_committed: 2047.
num_space_uncommitted: 0.
num_chunks_returned_to_freelist: 15.
num_chunks_taken_from_freelist: 5845.
num_chunk_merges: 15.
num_chunk_splits: 4347.
num_chunks_enlarged: 3383.
num_inconsistent_stats: 0.

CodeHeap 'non-profiled nmethods': size=120000Kb used=6887Kb max_used=6887Kb free=113112Kb
 bounds [0x000002c53a970000, 0x000002c53b030000, 0x000002c541ea0000]
CodeHeap 'profiled nmethods': size=120000Kb used=24357Kb max_used=24357Kb free=95643Kb
 bounds [0x000002c532ea0000, 0x000002c534670000, 0x000002c53a3d0000]
CodeHeap 'non-nmethods': size=5760Kb used=2594Kb max_used=2647Kb free=3165Kb
 bounds [0x000002c53a3d0000, 0x000002c53a670000, 0x000002c53a970000]
 total_blobs=12563 nmethods=11421 adapters=1052
 compilation: enabled
              stopped_count=0, restarted_count=0
 full_count=0

Compilation events (20 events):
Event: 32.479 Thread 0x000002c59300c0a0 12883       3       org.gradle.api.internal.provider.ValueState$NonFinalizedValue::maybeFinalizeOnRead (66 bytes)
Event: 32.479 Thread 0x000002c59300c0a0 nmethod 12883 0x000002c534661090 code [0x000002c534661280, 0x000002c534661748]
Event: 32.491 Thread 0x000002c59300c0a0 12884       3       java.util.concurrent.ThreadPoolExecutor::runStateAtLeast (11 bytes)
Event: 32.491 Thread 0x000002c59300c0a0 nmethod 12884 0x000002c534661910 code [0x000002c534661aa0, 0x000002c534661bd8]
Event: 32.504 Thread 0x000002c59300c0a0 12885       1       org.gradle.execution.plan.LocalTaskNode::getTask (5 bytes)
Event: 32.504 Thread 0x000002c59300c0a0 nmethod 12885 0x000002c53b029610 code [0x000002c53b0297a0, 0x000002c53b029878]
Event: 32.510 Thread 0x000002c59300c0a0 12887  s    3       java.lang.invoke.MethodTypeForm::setCachedLambdaForm (44 bytes)
Event: 32.511 Thread 0x000002c59300c0a0 nmethod 12887 0x000002c534661c90 code [0x000002c534661ea0, 0x000002c534662808]
Event: 32.529 Thread 0x000002c59300c0a0 12889       3       java.util.ArrayList::remove (76 bytes)
Event: 32.530 Thread 0x000002c59300c0a0 nmethod 12889 0x000002c534662a90 code [0x000002c534662c80, 0x000002c534663158]
Event: 32.534 Thread 0x000002c59300c0a0 12890       3       org.gradle.internal.properties.annotations.AbstractTypeMetadataWalker$InstanceTypeMetadataWalker::walkLeaf (13 bytes)
Event: 32.534 Thread 0x000002c59300c0a0 nmethod 12890 0x000002c534663390 code [0x000002c534663580, 0x000002c534663a58]
Event: 32.534 Thread 0x000002c59300c0a0 12891       3       org.gradle.internal.properties.annotations.AbstractTypeMetadataWalker$InstanceTypeMetadataWalker::walkLeaf (21 bytes)
Event: 32.535 Thread 0x000002c59300c0a0 nmethod 12891 0x000002c534663d10 code [0x000002c534663ee0, 0x000002c534664238]
Event: 32.535 Thread 0x000002c59300c0a0 12892       3       org.gradle.internal.properties.annotations.AbstractTypeMetadataWalker::access$100 (6 bytes)
Event: 32.535 Thread 0x000002c59300c0a0 nmethod 12892 0x000002c534664490 code [0x000002c5346646a0, 0x000002c534664b48]
Event: 32.548 Thread 0x000002c59300c0a0 12893       3       com.google.common.collect.RegularImmutableSortedSet::size (8 bytes)
Event: 32.548 Thread 0x000002c59300c0a0 nmethod 12893 0x000002c534664d90 code [0x000002c534664f40, 0x000002c534665128]
Event: 32.554 Thread 0x000002c59300c0a0 12894       3       java.util.concurrent.atomic.AtomicReference::compareAndSet (10 bytes)
Event: 32.555 Thread 0x000002c59300c0a0 nmethod 12894 0x000002c534665210 code [0x000002c5346654a0, 0x000002c5346660b8]

GC Heap History (20 events):
Event: 21.687 GC heap after
{Heap after GC invocations=39 (full 0):
 garbage-first heap   total 157696K, used 85605K [0x0000000700000000, 0x0000000800000000)
  region size 2048K, 4 young (8192K), 4 survivors (8192K)
 Metaspace       used 112147K, committed 112832K, reserved 1179648K
  class space    used 14389K, committed 14720K, reserved 1048576K
}
Event: 24.919 GC heap before
{Heap before GC invocations=39 (full 0):
 garbage-first heap   total 157696K, used 128613K [0x0000000700000000, 0x0000000800000000)
  region size 2048K, 26 young (53248K), 4 survivors (8192K)
 Metaspace       used 116273K, committed 117056K, reserved 1179648K
  class space    used 14941K, committed 15296K, reserved 1048576K
}
Event: 24.930 GC heap after
{Heap after GC invocations=40 (full 0):
 garbage-first heap   total 157696K, used 90933K [0x0000000700000000, 0x0000000800000000)
  region size 2048K, 4 young (8192K), 4 survivors (8192K)
 Metaspace       used 116273K, committed 117056K, reserved 1179648K
  class space    used 14941K, committed 15296K, reserved 1048576K
}
Event: 26.438 GC heap before
{Heap before GC invocations=41 (full 0):
 garbage-first heap   total 161792K, used 129844K [0x0000000700000000, 0x0000000800000000)
  region size 2048K, 23 young (47104K), 4 survivors (8192K)
 Metaspace       used 118460K, committed 119168K, reserved 1179648K
  class space    used 15285K, committed 15616K, reserved 1048576K
}
Event: 26.448 GC heap after
{Heap after GC invocations=42 (full 0):
 garbage-first heap   total 161792K, used 93439K [0x0000000700000000, 0x0000000800000000)
  region size 2048K, 2 young (4096K), 2 survivors (4096K)
 Metaspace       used 118460K, committed 119168K, reserved 1179648K
  class space    used 15285K, committed 15616K, reserved 1048576K
}
Event: 26.520 GC heap before
{Heap before GC invocations=42 (full 0):
 garbage-first heap   total 161792K, used 95487K [0x0000000700000000, 0x0000000800000000)
  region size 2048K, 3 young (6144K), 2 survivors (4096K)
 Metaspace       used 118674K, committed 119360K, reserved 1179648K
  class space    used 15322K, committed 15616K, reserved 1048576K
}
Event: 26.528 GC heap after
{Heap after GC invocations=43 (full 0):
 garbage-first heap   total 161792K, used 86439K [0x0000000700000000, 0x0000000800000000)
  region size 2048K, 1 young (2048K), 1 survivors (2048K)
 Metaspace       used 118674K, committed 119360K, reserved 1179648K
  class space    used 15322K, committed 15616K, reserved 1048576K
}
Event: 27.109 GC heap before
{Heap before GC invocations=43 (full 0):
 garbage-first heap   total 161792K, used 98727K [0x0000000700000000, 0x0000000800000000)
  region size 2048K, 8 young (16384K), 1 survivors (2048K)
 Metaspace       used 119595K, committed 120320K, reserved 1179648K
  class space    used 15492K, committed 15808K, reserved 1048576K
}
Event: 27.112 GC heap after
{Heap after GC invocations=44 (full 0):
 garbage-first heap   total 161792K, used 86504K [0x0000000700000000, 0x0000000800000000)
  region size 2048K, 1 young (2048K), 1 survivors (2048K)
 Metaspace       used 119595K, committed 120320K, reserved 1179648K
  class space    used 15492K, committed 15808K, reserved 1048576K
}
Event: 28.495 GC heap before
{Heap before GC invocations=45 (full 0):
 garbage-first heap   total 163840K, used 143848K [0x0000000700000000, 0x0000000800000000)
  region size 2048K, 23 young (47104K), 1 survivors (2048K)
 Metaspace       used 123330K, committed 124096K, reserved 1179648K
  class space    used 15995K, committed 16320K, reserved 1048576K
}
Event: 28.501 GC heap after
{Heap after GC invocations=46 (full 0):
 garbage-first heap   total 163840K, used 102851K [0x0000000700000000, 0x0000000800000000)
  region size 2048K, 3 young (6144K), 3 survivors (6144K)
 Metaspace       used 123330K, committed 124096K, reserved 1179648K
  class space    used 15995K, committed 16320K, reserved 1048576K
}
Event: 28.540 GC heap before
{Heap before GC invocations=46 (full 0):
 garbage-first heap   total 163840K, used 104899K [0x0000000700000000, 0x0000000800000000)
  region size 2048K, 4 young (8192K), 3 survivors (6144K)
 Metaspace       used 123518K, committed 124288K, reserved 1179648K
  class space    used 16014K, committed 16384K, reserved 1048576K
}
Event: 28.546 GC heap after
{Heap after GC invocations=47 (full 0):
 garbage-first heap   total 163840K, used 102461K [0x0000000700000000, 0x0000000800000000)
  region size 2048K, 1 young (2048K), 1 survivors (2048K)
 Metaspace       used 123518K, committed 124288K, reserved 1179648K
  class space    used 16014K, committed 16384K, reserved 1048576K
}
Event: 29.254 GC heap before
{Heap before GC invocations=47 (full 0):
 garbage-first heap   total 163840K, used 133181K [0x0000000700000000, 0x0000000800000000)
  region size 2048K, 16 young (32768K), 1 survivors (2048K)
 Metaspace       used 125406K, committed 126144K, reserved 1179648K
  class space    used 16261K, committed 16576K, reserved 1048576K
}
Event: 29.257 GC heap after
{Heap after GC invocations=48 (full 0):
 garbage-first heap   total 163840K, used 102937K [0x0000000700000000, 0x0000000800000000)
  region size 2048K, 1 young (2048K), 1 survivors (2048K)
 Metaspace       used 125406K, committed 126144K, reserved 1179648K
  class space    used 16261K, committed 16576K, reserved 1048576K
}
Event: 30.203 GC heap before
{Heap before GC invocations=49 (full 0):
 garbage-first heap   total 188416K, used 133657K [0x0000000700000000, 0x0000000800000000)
  region size 2048K, 17 young (34816K), 1 survivors (2048K)
 Metaspace       used 126844K, committed 127616K, reserved 1179648K
  class space    used 16482K, committed 16832K, reserved 1048576K
}
Event: 30.209 GC heap after
{Heap after GC invocations=50 (full 0):
 garbage-first heap   total 188416K, used 106298K [0x0000000700000000, 0x0000000800000000)
  region size 2048K, 3 young (6144K), 3 survivors (6144K)
 Metaspace       used 126844K, committed 127616K, reserved 1179648K
  class space    used 16482K, committed 16832K, reserved 1048576K
}
Event: 30.270 GC heap before
{Heap before GC invocations=50 (full 0):
 garbage-first heap   total 188416K, used 106298K [0x0000000700000000, 0x0000000800000000)
  region size 2048K, 4 young (8192K), 3 survivors (6144K)
 Metaspace       used 126989K, committed 127744K, reserved 1179648K
  class space    used 16507K, committed 16832K, reserved 1048576K
}
Event: 30.278 GC heap after
{Heap after GC invocations=51 (full 0):
 garbage-first heap   total 188416K, used 106359K [0x0000000700000000, 0x0000000800000000)
  region size 2048K, 1 young (2048K), 1 survivors (2048K)
 Metaspace       used 126989K, committed 127744K, reserved 1179648K
  class space    used 16507K, committed 16832K, reserved 1048576K
}
Event: 32.567 GC heap before
{Heap before GC invocations=51 (full 0):
 garbage-first heap   total 188416K, used 153463K [0x0000000700000000, 0x0000000800000000)
  region size 2048K, 24 young (49152K), 1 survivors (2048K)
 Metaspace       used 130277K, committed 131072K, reserved 1179648K
  class space    used 17029K, committed 17408K, reserved 1048576K
}

Dll operation events (15 events):
Event: 0.015 Loaded shared library C:\Program Files\Eclipse Adoptium\jdk-17.0.17.10-hotspot\bin\java.dll
Event: 0.045 Loaded shared library C:\Program Files\Eclipse Adoptium\jdk-17.0.17.10-hotspot\bin\jsvml.dll
Event: 0.114 Loaded shared library C:\Program Files\Eclipse Adoptium\jdk-17.0.17.10-hotspot\bin\zip.dll
Event: 0.118 Loaded shared library C:\Program Files\Eclipse Adoptium\jdk-17.0.17.10-hotspot\bin\instrument.dll
Event: 0.124 Loaded shared library C:\Program Files\Eclipse Adoptium\jdk-17.0.17.10-hotspot\bin\net.dll
Event: 0.126 Loaded shared library C:\Program Files\Eclipse Adoptium\jdk-17.0.17.10-hotspot\bin\nio.dll
Event: 0.129 Loaded shared library C:\Program Files\Eclipse Adoptium\jdk-17.0.17.10-hotspot\bin\zip.dll
Event: 0.466 Loaded shared library C:\Program Files\Eclipse Adoptium\jdk-17.0.17.10-hotspot\bin\jimage.dll
Event: 0.857 Loaded shared library C:\Program Files\Eclipse Adoptium\jdk-17.0.17.10-hotspot\bin\verify.dll
Event: 1.108 Loaded shared library C:\Users\User\.gradle\native\c067742578af261105cb4f569cf0c3c89f3d7b1fecec35dd04571415982c5e48\windows-amd64\native-platform.dll
Event: 1.123 Loaded shared library C:\Users\User\.gradle\native\100fb08df4bc3b14c8652ba06237920a3bd2aa13389f12d3474272988ae205f9\windows-amd64\native-platform-file-events.dll
Event: 2.797 Loaded shared library C:\Program Files\Eclipse Adoptium\jdk-17.0.17.10-hotspot\bin\management.dll
Event: 2.801 Loaded shared library C:\Program Files\Eclipse Adoptium\jdk-17.0.17.10-hotspot\bin\management_ext.dll
Event: 3.018 Loaded shared library C:\Program Files\Eclipse Adoptium\jdk-17.0.17.10-hotspot\bin\extnet.dll
Event: 3.347 Loaded shared library C:\Program Files\Eclipse Adoptium\jdk-17.0.17.10-hotspot\bin\sunmscapi.dll

Deoptimization events (20 events):
Event: 32.200 Thread 0x000002c594bcaf00 Uncommon trap: trap_request=0xffffffc6 fr.pc=0x000002c53b017cfc relative=0x000000000000057c
Event: 32.200 Thread 0x000002c594bcaf00 Uncommon trap: reason=bimorphic_or_optimized_type_check action=maybe_recompile pc=0x000002c53b017cfc method=com.google.common.collect.AbstractMapBasedMultimap.createCollection(Ljava/lang/Object;)Ljava/util/Collection; @ 1 c2
Event: 32.200 Thread 0x000002c594bcaf00 DEOPT PACKING pc=0x000002c53b017cfc sp=0x000000e3332f81f0
Event: 32.200 Thread 0x000002c594bcaf00 DEOPT UNPACKING pc=0x000002c53a42a1a3 sp=0x000000e3332f81c0 mode 2
Event: 32.200 Thread 0x000002c594bcaf00 Uncommon trap: trap_request=0xffffffc6 fr.pc=0x000002c53b017cfc relative=0x000000000000057c
Event: 32.200 Thread 0x000002c594bcaf00 Uncommon trap: reason=bimorphic_or_optimized_type_check action=maybe_recompile pc=0x000002c53b017cfc method=com.google.common.collect.AbstractMapBasedMultimap.createCollection(Ljava/lang/Object;)Ljava/util/Collection; @ 1 c2
Event: 32.200 Thread 0x000002c594bcaf00 DEOPT PACKING pc=0x000002c53b017cfc sp=0x000000e3332f81f0
Event: 32.200 Thread 0x000002c594bcaf00 DEOPT UNPACKING pc=0x000002c53a42a1a3 sp=0x000000e3332f81c0 mode 2
Event: 32.200 Thread 0x000002c594bcaf00 Uncommon trap: trap_request=0xffffffc6 fr.pc=0x000002c53b017cfc relative=0x000000000000057c
Event: 32.200 Thread 0x000002c594bcaf00 Uncommon trap: reason=bimorphic_or_optimized_type_check action=maybe_recompile pc=0x000002c53b017cfc method=com.google.common.collect.AbstractMapBasedMultimap.createCollection(Ljava/lang/Object;)Ljava/util/Collection; @ 1 c2
Event: 32.200 Thread 0x000002c594bcaf00 DEOPT PACKING pc=0x000002c53b017cfc sp=0x000000e3332f81f0
Event: 32.200 Thread 0x000002c594bcaf00 DEOPT UNPACKING pc=0x000002c53a42a1a3 sp=0x000000e3332f81c0 mode 2
Event: 32.503 Thread 0x000002c5a18c5bb0 Uncommon trap: trap_request=0xfffffff4 fr.pc=0x000002c53afd9c7c relative=0x000000000000119c
Event: 32.503 Thread 0x000002c5a18c5bb0 Uncommon trap: reason=null_check action=make_not_entrant pc=0x000002c53afd9c7c method=org.gradle.tooling.internal.provider.runner.ClientBuildEventGenerator$Enabled.accept(Lorg/gradle/internal/operations/BuildOperationDescriptor;)Lorg/gradle/tooling/intern
Event: 32.503 Thread 0x000002c5a18c5bb0 DEOPT PACKING pc=0x000002c53afd9c7c sp=0x000000e3353fdf20
Event: 32.503 Thread 0x000002c5a18c5bb0 DEOPT UNPACKING pc=0x000002c53a42a1a3 sp=0x000000e3353fdee8 mode 2
Event: 32.529 Thread 0x000002c5a18c4c80 Uncommon trap: trap_request=0xffffff45 fr.pc=0x000002c53acc7d3c relative=0x000000000000065c
Event: 32.529 Thread 0x000002c5a18c4c80 Uncommon trap: reason=unstable_if action=reinterpret pc=0x000002c53acc7d3c method=java.util.HashMap$HashIterator.<init>(Ljava/util/HashMap;)V @ 45 c2
Event: 32.529 Thread 0x000002c5a18c4c80 DEOPT PACKING pc=0x000002c53acc7d3c sp=0x000000e3354fecf0
Event: 32.529 Thread 0x000002c5a18c4c80 DEOPT UNPACKING pc=0x000002c53a42a1a3 sp=0x000000e3354feb80 mode 2

Classes loaded (20 events):
Event: 30.629 Loading class java/util/function/IntToDoubleFunction
Event: 30.629 Loading class java/util/function/IntToDoubleFunction done
Event: 30.630 Loading class java/util/function/IntToLongFunction
Event: 30.630 Loading class java/util/function/IntToLongFunction done
Event: 30.638 Loading class java/util/ArraysBeanInfo
Event: 30.638 Loading class java/util/ArraysBeanInfo done
Event: 30.638 Loading class java/util/ArraysBeanInfo
Event: 30.638 Loading class java/util/ArraysBeanInfo done
Event: 30.638 Loading class java/util/ArraysCustomizer
Event: 30.639 Loading class java/util/ArraysCustomizer done
Event: 30.639 Loading class java/util/ArraysCustomizer
Event: 30.639 Loading class java/util/ArraysCustomizer done
Event: 30.994 Loading class java/util/Comparators$NaturalOrderComparator
Event: 30.994 Loading class java/util/Comparators$NaturalOrderComparator done
Event: 31.013 Loading class java/util/stream/SortedOps$RefSortingSink
Event: 31.013 Loading class java/util/stream/SortedOps$RefSortingSink done
Event: 31.020 Loading class java/time/Ser
Event: 31.021 Loading class java/time/Ser done
Event: 32.043 Loading class sun/reflect/annotation/AnnotationInvocationHandler$1
Event: 32.044 Loading class sun/reflect/annotation/AnnotationInvocationHandler$1 done

Classes unloaded (0 events):
No events

Classes redefined (0 events):
No events

Internal exceptions (20 events):
Event: 30.608 Thread 0x000002c594bcaf00 Implicit null exception at 0x000002c53ad1dc8f to 0x000002c53ad1e540
Event: 30.608 Thread 0x000002c594bcaf00 Implicit null exception at 0x000002c53ad1ba14 to 0x000002c53ad1c2a0
Event: 30.638 Thread 0x000002c594bcaf00 Exception <a 'java/lang/ClassNotFoundException'{0x000000070a701308}: java/util/ArraysBeanInfo> (0x000000070a701308) 
thrown [s\src\hotspot\share\classfile\systemDictionary.cpp, line 256]
Event: 30.639 Thread 0x000002c594bcaf00 Exception <a 'java/lang/ClassNotFoundException'{0x000000070a70b880}: java/util/ArraysCustomizer> (0x000000070a70b880) 
thrown [s\src\hotspot\share\classfile\systemDictionary.cpp, line 256]
Event: 30.689 Thread 0x000002c594bcaf00 Exception <a 'java/lang/ClassNotFoundException'{0x000000070a7be200}: ProtobufPatchPluginBeanInfo> (0x000000070a7be200) 
thrown [s\src\hotspot\share\classfile\systemDictionary.cpp, line 256]
Event: 30.690 Thread 0x000002c594bcaf00 Exception <a 'java/lang/ClassNotFoundException'{0x000000070a7cbfe0}: ProtobufPatchPluginCustomizer> (0x000000070a7cbfe0) 
thrown [s\src\hotspot\share\classfile\systemDictionary.cpp, line 256]
Event: 30.699 Thread 0x000002c594bcaf00 Exception <a 'java/lang/ClassNotFoundException'{0x000000070a4464e0}: groovy/lang/ReferenceBeanInfo> (0x000000070a4464e0) 
thrown [s\src\hotspot\share\classfile\systemDictionary.cpp, line 256]
Event: 30.700 Thread 0x000002c594bcaf00 Exception <a 'java/lang/ClassNotFoundException'{0x000000070a46d900}: groovy/lang/ReferenceCustomizer> (0x000000070a46d900) 
thrown [s\src\hotspot\share\classfile\systemDictionary.cpp, line 256]
Event: 31.011 Thread 0x000002c594bcaf00 Exception <a 'java/lang/NoSuchMethodError'{0x0000000709e20fa0}: 'long java.lang.invoke.DirectMethodHandle$Holder.invokeVirtual(java.lang.Object, java.lang.Object)'> (0x0000000709e20fa0) 
thrown [s\src\hotspot\share\interpreter\linkResolver.cpp, line 759]
Event: 31.017 Thread 0x000002c594bcdc90 Exception <a 'java/lang/NoSuchMethodError'{0x0000000709eed6c0}: static Lorg/gradle/internal/build/event/types/DefaultProjectConfigurationSuccessResult;.<clinit>()V> (0x0000000709eed6c0) 
thrown [s\src\hotspot\share\prims\jni.cpp, line 1112]
Event: 31.018 Thread 0x000002c594bcdc90 Exception <a 'java/lang/NoSuchMethodError'{0x0000000709eee778}: static Lorg/gradle/internal/build/event/types/AbstractProjectConfigurationResult;.<clinit>()V> (0x0000000709eee778) 
thrown [s\src\hotspot\share\prims\jni.cpp, line 1112]
Event: 31.019 Thread 0x000002c594bcdc90 Exception <a 'java/lang/NoSuchMethodError'{0x0000000709ef9058}: static Lorg/gradle/internal/build/event/types/DefaultPluginApplicationResult;.<clinit>()V> (0x0000000709ef9058) 
thrown [s\src\hotspot\share\prims\jni.cpp, line 1112]
Event: 31.020 Thread 0x000002c594bcdc90 Exception <a 'java/lang/NoSuchMethodError'{0x0000000709f04558}: static Lorg/gradle/internal/build/event/types/DefaultBinaryPluginIdentifier;.<clinit>()V> (0x0000000709f04558) 
thrown [s\src\hotspot\share\prims\jni.cpp, line 1112]
Event: 31.022 Thread 0x000002c594bcdc90 Exception <a 'java/lang/NoSuchMethodError'{0x0000000709f1ada8}: static Lorg/gradle/internal/build/event/types/DefaultScriptPluginIdentifier;.<clinit>()V> (0x0000000709f1ada8) 
thrown [s\src\hotspot\share\prims\jni.cpp, line 1112]
Event: 31.238 Thread 0x000002c594bcaf00 Exception <a 'java/lang/NoSuchMethodError'{0x0000000709c0ea48}: 'void java.lang.invoke.DirectMethodHandle$Holder.invokeStatic(java.lang.Object, java.lang.Object, java.lang.Object, java.lang.Object, java.lang.Object, java.lang.Object, java.lang.Object, java.lang.Object)'> (0x0000000709c0ea48) 
thrown [s\src\hotspot\share\interpreter\linkResolver.cpp, line 759]
Event: 31.938 Thread 0x000002c594bcaf00 Exception <a 'java/lang/NoSuchMethodError'{0x00000007091c4620}: 'java.lang.Object java.lang.invoke.DirectMethodHandle$Holder.newInvokeSpecial(java.lang.Object, java.lang.Object, java.lang.Object, java.lang.Object, java.lang.Object, java.lang.Object, int)'> (0x00000007091c4620) 
thrown [s\src\hotspot\share\interpreter\linkResolver.cpp, line 759]
Event: 31.939 Thread 0x000002c594bcaf00 Exception <a 'java/lang/NoSuchMethodError'{0x00000007091ca820}: 'java.lang.Object java.lang.invoke.DirectMethodHandle$Holder.invokeSpecial(java.lang.Object, java.lang.Object, java.lang.Object, java.lang.Object, java.lang.Object, java.lang.Object, java.lang.Object, int)'> (0x00000007091ca820) 
thrown [s\src\hotspot\share\interpreter\linkResolver.cpp, line 759]
Event: 31.939 Thread 0x000002c594bcaf00 Exception <a 'java/lang/NoSuchMethodError'{0x00000007091d03f0}: 'java.lang.Object java.lang.invoke.Invokers$Holder.linkToTargetMethod(java.lang.Object, java.lang.Object, java.lang.Object, java.lang.Object, java.lang.Object, int, java.lang.Object)'> (0x00000007091d03f0) 
thrown [s\src\hotspot\share\interpreter\linkResolver.cpp, line 759]
Event: 32.503 Thread 0x000002c5a18c5bb0 Implicit null exception at 0x000002c53afd8b27 to 0x000002c53afd9c68
Event: 32.510 Thread 0x000002c5a18c5bb0 Exception <a 'java/lang/NoSuchMethodError'{0x00000007089e7b30}: 'java.lang.Object java.lang.invoke.DirectMethodHandle$Holder.newInvokeSpecial(java.lang.Object, java.lang.Object, int, java.lang.Object, java.lang.Object)'> (0x00000007089e7b30) 
thrown [s\src\hotspot\share\interpreter\linkResolver.cpp, line 759]

VM Operations (20 events):
Event: 28.501 Executing VM operation: G1CollectForAllocation done
Event: 28.540 Executing VM operation: G1CollectForAllocation
Event: 28.546 Executing VM operation: G1CollectForAllocation done
Event: 29.254 Executing VM operation: G1CollectForAllocation
Event: 29.257 Executing VM operation: G1CollectForAllocation done
Event: 29.420 Executing VM operation: G1PauseRemark
Event: 29.427 Executing VM operation: G1PauseRemark done
Event: 29.501 Executing VM operation: G1PauseCleanup
Event: 29.501 Executing VM operation: G1PauseCleanup done
Event: 30.203 Executing VM operation: G1CollectForAllocation
Event: 30.210 Executing VM operation: G1CollectForAllocation done
Event: 30.270 Executing VM operation: G1CollectForAllocation
Event: 30.278 Executing VM operation: G1CollectForAllocation done
Event: 30.572 Executing VM operation: HandshakeAllThreads
Event: 30.572 Executing VM operation: HandshakeAllThreads done
Event: 31.499 Executing VM operation: ICBufferFull
Event: 31.499 Executing VM operation: ICBufferFull done
Event: 32.504 Executing VM operation: Cleanup
Event: 32.505 Executing VM operation: Cleanup done
Event: 32.567 Executing VM operation: G1CollectForAllocation

Memory protections (0 events):
No events

Nmethod flushes (20 events):
Event: 20.138 Thread 0x000002c59300e9c0 flushing  nmethod 0x000002c533e8b790
Event: 20.138 Thread 0x000002c59300e9c0 flushing  nmethod 0x000002c533e8d310
Event: 20.138 Thread 0x000002c59300e9c0 flushing  nmethod 0x000002c533e8f990
Event: 20.138 Thread 0x000002c59300e9c0 flushing  nmethod 0x000002c533e91b10
Event: 20.138 Thread 0x000002c59300e9c0 flushing  nmethod 0x000002c533e9f510
Event: 20.138 Thread 0x000002c59300e9c0 flushing  nmethod 0x000002c533f0bc10
Event: 20.138 Thread 0x000002c59300e9c0 flushing  nmethod 0x000002c533f3c010
Event: 20.138 Thread 0x000002c59300e9c0 flushing  nmethod 0x000002c533f3d490
Event: 20.138 Thread 0x000002c59300e9c0 flushing  nmethod 0x000002c533f3d810
Event: 20.138 Thread 0x000002c59300e9c0 flushing  nmethod 0x000002c533f40e90
Event: 20.138 Thread 0x000002c59300e9c0 flushing  nmethod 0x000002c533f56a90
Event: 20.138 Thread 0x000002c59300e9c0 flushing  nmethod 0x000002c534014b10
Event: 20.138 Thread 0x000002c59300e9c0 flushing  nmethod 0x000002c534015b90
Event: 20.138 Thread 0x000002c59300e9c0 flushing  nmethod 0x000002c53401be90
Event: 20.139 Thread 0x000002c59300e9c0 flushing  nmethod 0x000002c53403ae10
Event: 20.139 Thread 0x000002c59300e9c0 flushing  nmethod 0x000002c534047490
Event: 20.139 Thread 0x000002c59300e9c0 flushing  nmethod 0x000002c5340a4690
Event: 20.139 Thread 0x000002c59300e9c0 flushing  nmethod 0x000002c5340bfd10
Event: 27.809 Thread 0x000002c59300e9c0 flushing  nmethod 0x000002c53327e490
Event: 27.810 Thread 0x000002c59300e9c0 flushing  nmethod 0x000002c5333f0e10

Events (20 events):
Event: 23.928 Thread 0x000002c594bcaf00 Thread added: 0x000002c596593740
Event: 23.928 Thread 0x000002c594bcaf00 Thread added: 0x000002c596590ec0
Event: 24.141 Thread 0x000002c594bcaf00 Thread added: 0x000002c59658ff90
Event: 24.144 Thread 0x000002c594bcaf00 Thread added: 0x000002c596593c50
Event: 24.148 Thread 0x000002c594bcaf00 Thread added: 0x000002c5965904a0
Event: 24.471 Thread 0x000002c594bcaf00 Thread added: 0x000002c596594160
Event: 24.475 Thread 0x000002c594bcaf00 Thread added: 0x000002c596595090
Event: 24.489 Thread 0x000002c594bcaf00 Thread added: 0x000002c596595fc0
Event: 25.227 Thread 0x000002c59300c0a0 Thread added: 0x000002c594b2eb10
Event: 26.253 Thread 0x000002c594bcaf00 Thread added: 0x000002c596594670
Event: 27.360 Thread 0x000002c594b2eb10 Thread exited: 0x000002c594b2eb10
Event: 27.789 Thread 0x000002c594bcaf00 Thread added: 0x000002c596595ab0
Event: 28.308 Thread 0x000002c59300c0a0 Thread added: 0x000002c593c26d30
Event: 28.513 Thread 0x000002c593c26d30 Thread exited: 0x000002c593c26d30
Event: 29.208 Thread 0x000002c59300c0a0 Thread added: 0x000002c5986ddcb0
Event: 32.491 Thread 0x000002c594bcaf00 Thread added: 0x000002c5a18c5bb0
Event: 32.513 Thread 0x000002c5a18c5bb0 Thread added: 0x000002c5a18c4c80
Event: 32.513 Thread 0x000002c5a18c5bb0 Thread added: 0x000002c5a18c4770
Event: 32.513 Thread 0x000002c5a18c5bb0 Thread added: 0x000002c5a18c4260
Event: 32.554 Thread 0x000002c5986ddcb0 Thread exited: 0x000002c5986ddcb0


Dynamic libraries:
0x00007ff773c20000 - 0x00007ff773c2e000 	C:\Program Files\Eclipse Adoptium\jdk-17.0.17.10-hotspot\bin\java.exe
0x00007ffb4e780000 - 0x00007ffb4e9e7000 	C:\WINDOWS\SYSTEM32\ntdll.dll
0x00007ffb4d760000 - 0x00007ffb4d829000 	C:\WINDOWS\System32\KERNEL32.DLL
0x00007ffb4bee0000 - 0x00007ffb4c2cf000 	C:\WINDOWS\System32\KERNELBASE.dll
0x00007ffb4ba30000 - 0x00007ffb4bb7b000 	C:\WINDOWS\System32\ucrtbase.dll
0x00007ffb46470000 - 0x00007ffb4648e000 	C:\Program Files\Eclipse Adoptium\jdk-17.0.17.10-hotspot\bin\VCRUNTIME140.dll
0x00007ffb35de0000 - 0x00007ffb35df8000 	C:\Program Files\Eclipse Adoptium\jdk-17.0.17.10-hotspot\bin\jli.dll
0x00007ffb4d3c0000 - 0x00007ffb4d585000 	C:\WINDOWS\System32\USER32.dll
0x00007ffb4b8d0000 - 0x00007ffb4b8f7000 	C:\WINDOWS\System32\win32u.dll
0x00007ffb31e90000 - 0x00007ffb32123000 	C:\WINDOWS\WinSxS\amd64_microsoft.windows.common-controls_6595b64144ccf1df_6.0.26100.7309_none_3e05feeae336a044\COMCTL32.dll
0x00007ffb4dbb0000 - 0x00007ffb4dbdb000 	C:\WINDOWS\System32\GDI32.dll
0x00007ffb4d6b0000 - 0x00007ffb4d759000 	C:\WINDOWS\System32\msvcrt.dll
0x00007ffb4b900000 - 0x00007ffb4ba2c000 	C:\WINDOWS\System32\gdi32full.dll
0x00007ffb4be30000 - 0x00007ffb4bed3000 	C:\WINDOWS\System32\msvcp_win.dll
0x00007ffb4dd60000 - 0x00007ffb4dd91000 	C:\WINDOWS\System32\IMM32.DLL
0x00007ffb44990000 - 0x00007ffb4499c000 	C:\Program Files\Eclipse Adoptium\jdk-17.0.17.10-hotspot\bin\vcruntime140_1.dll
0x00007ffade1a0000 - 0x00007ffade22d000 	C:\Program Files\Eclipse Adoptium\jdk-17.0.17.10-hotspot\bin\msvcp140.dll
0x00007ffac7990000 - 0x00007ffac85fb000 	C:\Program Files\Eclipse Adoptium\jdk-17.0.17.10-hotspot\bin\server\jvm.dll
0x00007ffb4cb80000 - 0x00007ffb4cc34000 	C:\WINDOWS\System32\ADVAPI32.dll
0x00007ffb4d1b0000 - 0x00007ffb4d256000 	C:\WINDOWS\System32\sechost.dll
0x00007ffb4d8f0000 - 0x00007ffb4da08000 	C:\WINDOWS\System32\RPCRT4.dll
0x00007ffb4c530000 - 0x00007ffb4c5a4000 	C:\WINDOWS\System32\WS2_32.dll
0x00007ffb374c0000 - 0x00007ffb374f5000 	C:\WINDOWS\SYSTEM32\WINMM.dll
0x00007ffb3cf30000 - 0x00007ffb3cf3b000 	C:\WINDOWS\SYSTEM32\VERSION.dll
0x00007ffb4b750000 - 0x00007ffb4b7ae000 	C:\WINDOWS\SYSTEM32\POWRPROF.dll
0x00007ffb4b730000 - 0x00007ffb4b744000 	C:\WINDOWS\SYSTEM32\UMPDC.dll
0x00007ffb4a680000 - 0x00007ffb4a69b000 	C:\WINDOWS\SYSTEM32\kernel.appcore.dll
0x00007ffb35400000 - 0x00007ffb3540a000 	C:\Program Files\Eclipse Adoptium\jdk-17.0.17.10-hotspot\bin\jimage.dll
0x00007ffb49010000 - 0x00007ffb49252000 	C:\WINDOWS\SYSTEM32\DBGHELP.DLL
0x00007ffb4c670000 - 0x00007ffb4c9f6000 	C:\WINDOWS\System32\combase.dll
0x00007ffb4d0d0000 - 0x00007ffb4d1a6000 	C:\WINDOWS\System32\OLEAUT32.dll
0x00007ffb2be00000 - 0x00007ffb2be3c000 	C:\WINDOWS\SYSTEM32\dbgcore.DLL
0x00007ffb4bb80000 - 0x00007ffb4bc25000 	C:\WINDOWS\System32\bcryptPrimitives.dll
0x00007ffb21030000 - 0x00007ffb2103e000 	C:\Program Files\Eclipse Adoptium\jdk-17.0.17.10-hotspot\bin\instrument.dll
0x00007ffaeccd0000 - 0x00007ffaeccf5000 	C:\Program Files\Eclipse Adoptium\jdk-17.0.17.10-hotspot\bin\java.dll
0x00007ffadd220000 - 0x00007ffadd2f7000 	C:\Program Files\Eclipse Adoptium\jdk-17.0.17.10-hotspot\bin\jsvml.dll
0x00007ffb4dfe0000 - 0x00007ffb4e733000 	C:\WINDOWS\System32\SHELL32.dll
0x00007ffb4bcc0000 - 0x00007ffb4be2a000 	C:\WINDOWS\System32\wintypes.dll
0x00007ffb49510000 - 0x00007ffb49d6e000 	C:\WINDOWS\SYSTEM32\windows.storage.dll
0x00007ffb4dc60000 - 0x00007ffb4dd54000 	C:\WINDOWS\System32\SHCORE.dll
0x00007ffb4d840000 - 0x00007ffb4d8a6000 	C:\WINDOWS\System32\shlwapi.dll
0x00007ffb4b7f0000 - 0x00007ffb4b819000 	C:\WINDOWS\SYSTEM32\profapi.dll
0x00007ffb1e120000 - 0x00007ffb1e138000 	C:\Program Files\Eclipse Adoptium\jdk-17.0.17.10-hotspot\bin\zip.dll
0x00007ffb1de90000 - 0x00007ffb1deaa000 	C:\Program Files\Eclipse Adoptium\jdk-17.0.17.10-hotspot\bin\net.dll
0x00007ffb42050000 - 0x00007ffb42178000 	C:\WINDOWS\SYSTEM32\WINHTTP.dll
0x00007ffb4abf0000 - 0x00007ffb4ac5b000 	C:\WINDOWS\system32\mswsock.dll
0x00007ffb1ddd0000 - 0x00007ffb1dde6000 	C:\Program Files\Eclipse Adoptium\jdk-17.0.17.10-hotspot\bin\nio.dll
0x00007ffb20a60000 - 0x00007ffb20a70000 	C:\Program Files\Eclipse Adoptium\jdk-17.0.17.10-hotspot\bin\verify.dll
0x00007ffaee750000 - 0x00007ffaee777000 	C:\Users\User\.gradle\native\c067742578af261105cb4f569cf0c3c89f3d7b1fecec35dd04571415982c5e48\windows-amd64\native-platform.dll
0x00007ffad9b50000 - 0x00007ffad9c94000 	C:\Users\User\.gradle\native\100fb08df4bc3b14c8652ba06237920a3bd2aa13389f12d3474272988ae205f9\windows-amd64\native-platform-file-events.dll
0x00007ffb20360000 - 0x00007ffb2036a000 	C:\Program Files\Eclipse Adoptium\jdk-17.0.17.10-hotspot\bin\management.dll
0x00007ffb1fb10000 - 0x00007ffb1fb1c000 	C:\Program Files\Eclipse Adoptium\jdk-17.0.17.10-hotspot\bin\management_ext.dll
0x00007ffb4c520000 - 0x00007ffb4c528000 	C:\WINDOWS\System32\PSAPI.DLL
0x00007ffb4aeb0000 - 0x00007ffb4aecb000 	C:\WINDOWS\SYSTEM32\CRYPTSP.dll
0x00007ffb4a5e0000 - 0x00007ffb4a61a000 	C:\WINDOWS\system32\rsaenh.dll
0x00007ffb4aca0000 - 0x00007ffb4accb000 	C:\WINDOWS\SYSTEM32\USERENV.dll
0x00007ffb4b7c0000 - 0x00007ffb4b7ea000 	C:\WINDOWS\SYSTEM32\bcrypt.dll
0x00007ffb4aed0000 - 0x00007ffb4aedc000 	C:\WINDOWS\SYSTEM32\CRYPTBASE.dll
0x00007ffb4a0e0000 - 0x00007ffb4a114000 	C:\WINDOWS\SYSTEM32\IPHLPAPI.DLL
0x00007ffb4cb70000 - 0x00007ffb4cb7a000 	C:\WINDOWS\System32\NSI.dll
0x00007ffb42260000 - 0x00007ffb4227e000 	C:\WINDOWS\SYSTEM32\dhcpcsvc6.DLL
0x00007ffb41e30000 - 0x00007ffb41e53000 	C:\WINDOWS\SYSTEM32\dhcpcsvc.DLL
0x00007ffb4a180000 - 0x00007ffb4a2ac000 	C:\WINDOWS\SYSTEM32\DNSAPI.dll
0x00007ffb1e080000 - 0x00007ffb1e089000 	C:\Program Files\Eclipse Adoptium\jdk-17.0.17.10-hotspot\bin\extnet.dll
0x00007ffb166b0000 - 0x00007ffb166be000 	C:\Program Files\Eclipse Adoptium\jdk-17.0.17.10-hotspot\bin\sunmscapi.dll
0x00007ffb4c2e0000 - 0x00007ffb4c457000 	C:\WINDOWS\System32\CRYPT32.dll
0x00007ffb4b0d0000 - 0x00007ffb4b100000 	C:\WINDOWS\SYSTEM32\ncrypt.dll
0x00007ffb4b080000 - 0x00007ffb4b0bf000 	C:\WINDOWS\SYSTEM32\NTASN1.dll
0x00007ffae6d90000 - 0x00007ffae6d98000 	C:\WINDOWS\system32\wshunix.dll
0x00007ffb419f0000 - 0x00007ffb419fb000 	C:\Windows\System32\rasadhlp.dll
0x00007ffb3e5e0000 - 0x00007ffb3e666000 	C:\WINDOWS\System32\fwpuclnt.dll
0x00007ffa66720000 - 0x00007ffa66738000 	C:\WINDOWS\system32\napinsp.dll
0x00007ffa66700000 - 0x00007ffa66712000 	C:\WINDOWS\System32\winrnr.dll
0x00007ffaedc80000 - 0x00007ffaedca2000 	C:\WINDOWS\system32\nlansp_c.dll
0x00007ffb3ea00000 - 0x00007ffb3ea16000 	C:\WINDOWS\system32\wshbth.dll

dbghelp: loaded successfully - version: 4.0.5 - missing functions: none
symbol engine: initialized successfully - sym options: 0x614 - pdb path: .;C:\Program Files\Eclipse Adoptium\jdk-17.0.17.10-hotspot\bin;C:\WINDOWS\SYSTEM32;C:\WINDOWS\WinSxS\amd64_microsoft.windows.common-controls_6595b64144ccf1df_6.0.26100.7309_none_3e05feeae336a044;C:\Program Files\Eclipse Adoptium\jdk-17.0.17.10-hotspot\bin\server;C:\Users\User\.gradle\native\c067742578af261105cb4f569cf0c3c89f3d7b1fecec35dd04571415982c5e48\windows-amd64;C:\Users\User\.gradle\native\100fb08df4bc3b14c8652ba06237920a3bd2aa13389f12d3474272988ae205f9\windows-amd64

VM Arguments:
jvm_args: -XX:+HeapDumpOnOutOfMemoryError --add-opens=java.base/java.util=ALL-UNNAMED --add-opens=java.base/java.lang=ALL-UNNAMED --add-opens=java.base/java.lang.invoke=ALL-UNNAMED --add-opens=java.prefs/java.util.prefs=ALL-UNNAMED --add-exports=jdk.compiler/com.sun.tools.javac.api=ALL-UNNAMED --add-exports=jdk.compiler/com.sun.tools.javac.util=ALL-UNNAMED --add-opens=java.base/java.nio.charset=ALL-UNNAMED --add-opens=java.base/java.net=ALL-UNNAMED --add-opens=java.base/java.util.concurrent.atomic=ALL-UNNAMED -Xmx4G -Dfile.encoding=utf8 -Duser.country=US -Duser.language=en -Duser.variant -javaagent:C:\Users\User\.gradle\wrapper\dists\gradle-8.9-bin\90cnw93cvbtalezasaz0blq0a\gradle-8.9\lib\agents\gradle-instrumentation-agent-8.9.jar 
java_command: org.gradle.launcher.daemon.bootstrap.GradleDaemon 8.9
java_class_path (initial): C:\Users\User\.gradle\wrapper\dists\gradle-8.9-bin\90cnw93cvbtalezasaz0blq0a\gradle-8.9\lib\gradle-daemon-main-8.9.jar
Launcher Type: SUN_STANDARD

[Global flags]
     intx CICompilerCount                          = 3                                         {product} {ergonomic}
     uint ConcGCThreads                            = 1                                         {product} {ergonomic}
     uint G1ConcRefinementThreads                  = 4                                         {product} {ergonomic}
   size_t G1HeapRegionSize                         = 2097152                                   {product} {ergonomic}
    uintx GCDrainStackTargetSize                   = 64                                        {product} {ergonomic}
     bool HeapDumpOnOutOfMemoryError               = true                                   {manageable} {command line}
   size_t InitialHeapSize                          = 132120576                                 {product} {ergonomic}
   size_t MarkStackSize                            = 4194304                                   {product} {ergonomic}
   size_t MaxHeapSize                              = 4294967296                                {product} {command line}
   size_t MaxNewSize                               = 2575302656                                {product} {ergonomic}
   size_t MinHeapDeltaBytes                        = 2097152                                   {product} {ergonomic}
   size_t MinHeapSize                              = 8388608                                   {product} {ergonomic}
    uintx NonNMethodCodeHeapSize                   = 5832780                                {pd product} {ergonomic}
    uintx NonProfiledCodeHeapSize                  = 122912730                              {pd product} {ergonomic}
    uintx ProfiledCodeHeapSize                     = 122912730                              {pd product} {ergonomic}
    uintx ReservedCodeCacheSize                    = 251658240                              {pd product} {ergonomic}
     bool SegmentedCodeCache                       = true                                      {product} {ergonomic}
   size_t SoftMaxHeapSize                          = 4294967296                             {manageable} {ergonomic}
     bool UseCompressedClassPointers               = true                           {product lp64_product} {ergonomic}
     bool UseCompressedOops                        = true                           {product lp64_product} {ergonomic}
     bool UseG1GC                                  = true                                      {product} {ergonomic}
     bool UseLargePagesIndividualAllocation        = false                                  {pd product} {ergonomic}

Logging:
Log output configuration:
 #0: stdout all=warning uptime,level,tags
 #1: stderr all=off uptime,level,tags

Environment Variables:
PATH=C:\Program Files\Eclipse Adoptium\jdk-17.0.17.10-hotspot\bin;C:\Program Files\Eclipse Adoptium\jdk-25.0.1.8-hotspot\bin;C:\Python313\Scripts\;C:\Python313\;C:\oraclexe\app\oracle\product\10.2.0\server\bin;C:\WINDOWS\system32;C:\WINDOWS;C:\WINDOWS\System32\Wbem;C:\WINDOWS\System32\WindowsPowerShell\v1.0\;C:\WINDOWS\System32\OpenSSH\;C:\MinGW\bin;C:\Program Files\Dart\dart-sdk\bin;C:\Program Files\Git\cmd;C:\Program Files\nodejs\;C:\ProgramData\chocolatey\bin;C:\Program Files\cursor\resources\app\bin;C:\Program Files\GitHub CLI\;C:\Program Files\Microsoft SQL Server\170\Tools\Binn\;C:\Program Files (x86)\IncrediBuild;C:\Program Files (x86)\Windows Kits\10\Windows Performance Toolkit\;C:\Users\User\AppData\Local\Programs\Python\Python314\Scripts\;C:\Users\User\AppData\Local\Programs\Python\Python314\;C:\Users\User\AppData\Local\Microsoft\WindowsApps;C:\Users\User\AppData\Local\Programs\Microsoft VS Code\bin;C:\MinGW\mingw32\bin;C:\Flutter\src\flutter\bin;C:\Users\User\AppData\Roaming\npm;C:\Users\User\AppData\Local\Android\Sdk\emulator;C:\Users\User\AppData\Local\Android\Sdk\platform-tools;C:\Users\User\AppData\Local\Android\Sdk\tools;C:\Users\User\AppData\Local\Android\Sdk\tools\bin;C:\Users\User\AppData\Local\JetBrains\Toolbox\scripts;C:\Users\User\AppData\Roaming\Python\Scripts;;%USERPROFILE%\AppData\Local\Microsoft\WindowsApps
USERNAME=User
OS=Windows_NT
PROCESSOR_IDENTIFIER=Intel64 Family 6 Model 126 Stepping 5, GenuineIntel
TMP=C:\Users\User\AppData\Local\Temp
TEMP=C:\Users\User\AppData\Local\Temp



Periodic native trim disabled


---------------  S Y S T E M  ---------------

OS:
 Windows 11 , 64 bit Build 26100 (10.0.26100.7309)
OS uptime: 0 days 20:03 hours

CPU: total 4 (initial active 4) (2 cores per cpu, 2 threads per core) family 6 model 126 stepping 5 microcode 0xc4, cx8, cmov, fxsr, ht, mmx, 3dnowpref, sse, sse2, sse3, ssse3, sse4.1, sse4.2, popcnt, lzcnt, tsc, tscinvbit, avx, avx2, aes, erms, clmul, bmi1, bmi2, adx, avx512f, avx512dq, avx512cd, avx512bw, avx512vl, sha, fma, vzeroupper, avx512_vpopcntdq, avx512_vpclmulqdq, avx512_vaes, avx512_vnni, clflush, clflushopt, avx512_vbmi2, avx512_vbmi
Processor Information for all 4 processors :
  Max Mhz: 1190, Current Mhz: 1190, Mhz Limit: 1190

Memory: 4k page, system-wide physical 7973M (699M free)
TotalPageFile size 32549M (AvailPageFile size 9M)
current process WorkingSet (physical memory assigned to process): 500M, peak: 502M
current process commit charge ("private bytes"): 721M, peak: 723M

vm_info: OpenJDK 64-Bit Server VM (17.0.17+10) for windows-amd64 JRE (17.0.17+10), built on Oct 21 2025 23:25:32 by "admin" with unknown MS VC++:1942

END.
