#
# There is insufficient memory for the Java Runtime Environment to continue.
# Native memory allocation (malloc) failed to allocate 2054816 bytes. Error detail: Chunk::new
# Possible reasons:
#   The system is out of physical RAM or swap space
#   This process is running with CompressedOops enabled, and the Java Heap may be blocking the growth of the native heap
# Possible solutions:
#   Reduce memory load on the system
#   Increase physical memory or swap space
#   Check if swap backing store is full
#   Decrease Java heap size (-Xmx/-Xms)
#   Decrease number of Java threads
#   Decrease Java thread stack sizes (-Xss)
#   Set larger code cache with -XX:ReservedCodeCacheSize=
#   JVM is running with Zero Based Compressed Oops mode in which the Java heap is
#     placed in the first 32GB address space. The Java Heap base address is the
#     maximum limit for the native heap growth. Please use -XX:HeapBaseMinAddress
#     to set the Java Heap base and to place the Java Heap above 32GB virtual address.
# This output file may be truncated or incomplete.
#
#  Out of Memory Error (arena.cpp:191), pid=23124, tid=13740
#
# JRE version: OpenJDK Runtime Environment Temurin-17.0.17+10 (17.0.17+10) (build 17.0.17+10)
# Java VM: OpenJDK 64-Bit Server VM Temurin-17.0.17+10 (17.0.17+10, mixed mode, sharing, tiered, compressed oops, compressed class ptrs, g1 gc, windows-amd64)
# No core dump will be written. Minidumps are not enabled by default on client versions of Windows
#

---------------  S U M M A R Y ------------

Command Line: -XX:+HeapDumpOnOutOfMemoryError --add-opens=java.base/java.util=ALL-UNNAMED --add-opens=java.base/java.lang=ALL-UNNAMED --add-opens=java.base/java.lang.invoke=ALL-UNNAMED --add-opens=java.prefs/java.util.prefs=ALL-UNNAMED --add-opens=java.base/java.nio.charset=ALL-UNNAMED --add-opens=java.base/java.net=ALL-UNNAMED --add-opens=java.base/java.util.concurrent.atomic=ALL-UNNAMED -Xmx4G -Dfile.encoding=utf8 -Duser.country=US -Duser.language=en -Duser.variant -javaagent:C:\Users\User\.gradle\wrapper\dists\gradle-8.7-all\aan3ydargesu18aqyqjwhr3pc\gradle-8.7\lib\agents\gradle-instrumentation-agent-8.7.jar org.gradle.launcher.daemon.bootstrap.GradleDaemon 8.7

Host: Intel(R) Core(TM) i3-1005G1 CPU @ 1.20GHz, 4 cores, 7G,  Windows 11 , 64 bit Build 26100 (10.0.26100.7309)
Time: Sun Dec  7 16:58:46 2025 Bangladesh Standard Time elapsed time: 22.413342 seconds (0d 0h 0m 22s)

---------------  T H R E A D  ---------------

Current thread (0x0000017e7e69b630):  JavaThread "C2 CompilerThread0" daemon [_thread_in_native, id=13740, stack(0x0000002de4f00000,0x0000002de5000000)]


Current CompileTask:
C2:22413 9442       4       java.lang.invoke.MethodType::makeImpl (109 bytes)

Stack: [0x0000002de4f00000,0x0000002de5000000]
Native frames: (J=compiled Java code, j=interpreted, Vv=VM code, C=native code)
V  [jvm.dll+0x683fb9]
V  [jvm.dll+0x83a1b5]
V  [jvm.dll+0x83bc2e]
V  [jvm.dll+0x83c2b3]
V  [jvm.dll+0x248eff]
V  [jvm.dll+0xad496]
V  [jvm.dll+0xadb3c]
V  [jvm.dll+0x368a3e]
V  [jvm.dll+0x332fa5]
V  [jvm.dll+0x33240a]
V  [jvm.dll+0x219db9]
V  [jvm.dll+0x219200]
V  [jvm.dll+0x1a4920]
V  [jvm.dll+0x22989a]
V  [jvm.dll+0x227a4b]
V  [jvm.dll+0x7effb8]
V  [jvm.dll+0x7ea44c]
V  [jvm.dll+0x682e87]
C  [ucrtbase.dll+0x37b0]
C  [KERNEL32.DLL+0x2e8d7]
C  [ntdll.dll+0x8c53c]


---------------  P R O C E S S  ---------------

Threads class SMR info:
_java_thread_list=0x0000017e61a9b4c0, length=35, elements={
0x0000017e730b0680, 0x0000017e7e678510, 0x0000017e7e67aef0, 0x0000017e7e68edc0,
0x0000017e7e6916a0, 0x0000017e7e693f80, 0x0000017e7e695860, 0x0000017e7e69b630,
0x0000017e7e9d8140, 0x0000017e7e9e2660, 0x0000017e7e663430, 0x0000017e7ebd0030,
0x0000017e5e9b2840, 0x0000017e5f0acdd0, 0x0000017e5f859210, 0x0000017e5ed82350,
0x0000017e5ed82830, 0x0000017e5f4fc2b0, 0x0000017e5f4fdc00, 0x0000017e5f4fb890,
0x0000017e5f4fa960, 0x0000017e5f4fae70, 0x0000017e5f4fc7c0, 0x0000017e5f4fb380,
0x0000017e5f4fbda0, 0x0000017e5f08c570, 0x0000017e5f089cf0, 0x0000017e5f08b640,
0x0000017e5f08ca80, 0x0000017e5f08b130, 0x0000017e5f08cf90, 0x0000017e5f08d4a0,
0x0000017e5f08d9b0, 0x0000017e5f08bb50, 0x0000017e7eb5b5b0
}

Java Threads: ( => current thread )
  0x0000017e730b0680 JavaThread "main" [_thread_blocked, id=3868, stack(0x0000002de4200000,0x0000002de4300000)]
  0x0000017e7e678510 JavaThread "Reference Handler" daemon [_thread_blocked, id=1844, stack(0x0000002de4900000,0x0000002de4a00000)]
  0x0000017e7e67aef0 JavaThread "Finalizer" daemon [_thread_blocked, id=21956, stack(0x0000002de4a00000,0x0000002de4b00000)]
  0x0000017e7e68edc0 JavaThread "Signal Dispatcher" daemon [_thread_blocked, id=23316, stack(0x0000002de4b00000,0x0000002de4c00000)]
  0x0000017e7e6916a0 JavaThread "Attach Listener" daemon [_thread_blocked, id=1676, stack(0x0000002de4c00000,0x0000002de4d00000)]
  0x0000017e7e693f80 JavaThread "Service Thread" daemon [_thread_blocked, id=19912, stack(0x0000002de4d00000,0x0000002de4e00000)]
  0x0000017e7e695860 JavaThread "Monitor Deflation Thread" daemon [_thread_blocked, id=25368, stack(0x0000002de4e00000,0x0000002de4f00000)]
=>0x0000017e7e69b630 JavaThread "C2 CompilerThread0" daemon [_thread_in_native, id=13740, stack(0x0000002de4f00000,0x0000002de5000000)]
  0x0000017e7e9d8140 JavaThread "C1 CompilerThread0" daemon [_thread_blocked, id=22452, stack(0x0000002de5000000,0x0000002de5100000)]
  0x0000017e7e9e2660 JavaThread "Sweeper thread" daemon [_thread_blocked, id=15952, stack(0x0000002de5100000,0x0000002de5200000)]
  0x0000017e7e663430 JavaThread "Common-Cleaner" daemon [_thread_blocked, id=4620, stack(0x0000002de5200000,0x0000002de5300000)]
  0x0000017e7ebd0030 JavaThread "Notification Thread" daemon [_thread_blocked, id=10776, stack(0x0000002de5300000,0x0000002de5400000)]
  0x0000017e5e9b2840 JavaThread "Daemon health stats" [_thread_blocked, id=13936, stack(0x0000002de5900000,0x0000002de5a00000)]
  0x0000017e5f0acdd0 JavaThread "Incoming local TCP Connector on port 65184" [_thread_in_native, id=19448, stack(0x0000002de5500000,0x0000002de5600000)]
  0x0000017e5f859210 JavaThread "Daemon periodic checks" [_thread_blocked, id=15640, stack(0x0000002de5a00000,0x0000002de5b00000)]
  0x0000017e5ed82350 JavaThread "Daemon" [_thread_blocked, id=9748, stack(0x0000002de5b00000,0x0000002de5c00000)]
  0x0000017e5ed82830 JavaThread "Handler for socket connection from /127.0.0.1:65184 to /127.0.0.1:65185" [_thread_in_native, id=7192, stack(0x0000002de5c00000,0x0000002de5d00000)]
  0x0000017e5f4fc2b0 JavaThread "Cancel handler" [_thread_blocked, id=23232, stack(0x0000002de5d00000,0x0000002de5e00000)]
  0x0000017e5f4fdc00 JavaThread "Daemon worker" [_thread_in_vm, id=8312, stack(0x0000002de5e00000,0x0000002de5f00000)]
  0x0000017e5f4fb890 JavaThread "Asynchronous log dispatcher for DefaultDaemonConnection: socket connection from /127.0.0.1:65184 to /127.0.0.1:65185" [_thread_blocked, id=13064, stack(0x0000002de5f00000,0x0000002de6000000)]
  0x0000017e5f4fa960 JavaThread "Stdin handler" [_thread_blocked, id=23408, stack(0x0000002de6000000,0x0000002de6100000)]
  0x0000017e5f4fae70 JavaThread "Daemon client event forwarder" [_thread_blocked, id=10388, stack(0x0000002de6100000,0x0000002de6200000)]
  0x0000017e5f4fc7c0 JavaThread "Cache worker for journal cache (C:\Users\User\.gradle\caches\journal-1)" [_thread_blocked, id=5728, stack(0x0000002de6200000,0x0000002de6300000)]
  0x0000017e5f4fb380 JavaThread "File lock request listener" [_thread_in_native, id=20888, stack(0x0000002de6300000,0x0000002de6400000)]
  0x0000017e5f4fbda0 JavaThread "Cache worker for file hash cache (C:\Users\User\.gradle\caches\8.7\fileHashes)" [_thread_blocked, id=17056, stack(0x0000002de6400000,0x0000002de6500000)]
  0x0000017e5f08c570 JavaThread "Cache worker for file hash cache (G:\Attendance\smart_employee\android\.gradle\8.7\fileHashes)" [_thread_blocked, id=2556, stack(0x0000002de6600000,0x0000002de6700000)]
  0x0000017e5f089cf0 JavaThread "File watcher server" daemon [_thread_in_native, id=18208, stack(0x0000002de6700000,0x0000002de6800000)]
  0x0000017e5f08b640 JavaThread "File watcher consumer" daemon [_thread_blocked, id=4816, stack(0x0000002de6800000,0x0000002de6900000)]
  0x0000017e5f08ca80 JavaThread "Cache worker for checksums cache (G:\Attendance\smart_employee\android\.gradle\8.7\checksums)" [_thread_blocked, id=12248, stack(0x0000002de6900000,0x0000002de6a00000)]
  0x0000017e5f08b130 JavaThread "Cache worker for cache directory md-supplier (C:\Users\User\.gradle\caches\8.7\md-supplier)" [_thread_blocked, id=23600, stack(0x0000002de6a00000,0x0000002de6b00000)]
  0x0000017e5f08cf90 JavaThread "Cache worker for cache directory md-rule (C:\Users\User\.gradle\caches\8.7\md-rule)" [_thread_blocked, id=24464, stack(0x0000002de6b00000,0x0000002de6c00000)]
  0x0000017e5f08d4a0 JavaThread "Cache worker for file content cache (C:\Users\User\.gradle\caches\8.7\fileContent)" [_thread_blocked, id=10952, stack(0x0000002de6c00000,0x0000002de6d00000)]
  0x0000017e5f08d9b0 JavaThread "jar transforms" [_thread_blocked, id=3848, stack(0x0000002de6d00000,0x0000002de6e00000)]
  0x0000017e5f08bb50 JavaThread "jar transforms Thread 2" [_thread_blocked, id=17176, stack(0x0000002de6e00000,0x0000002de6f00000)]
  0x0000017e7eb5b5b0 JavaThread "C2 CompilerThread1" daemon [_thread_blocked, id=17256, stack(0x0000002de7100000,0x0000002de7200000)]

Other Threads:
  0x0000017e7e673520 VMThread "VM Thread" [stack: 0x0000002de4800000,0x0000002de4900000] [id=23856]
  0x0000017e7ebd0510 WatcherThread [stack: 0x0000002de5400000,0x0000002de5500000] [id=10608]
  0x0000017e72f7d8d0 GCTaskThread "GC Thread#0" [stack: 0x0000002de4300000,0x0000002de4400000] [id=8248]
  0x0000017e7ec2a610 GCTaskThread "GC Thread#1" [stack: 0x0000002de5600000,0x0000002de5700000] [id=17132]
  0x0000017e7ed57a70 GCTaskThread "GC Thread#2" [stack: 0x0000002de5700000,0x0000002de5800000] [id=11008]
  0x0000017e5e5db750 GCTaskThread "GC Thread#3" [stack: 0x0000002de5800000,0x0000002de5900000] [id=18696]
  0x0000017e72f7e860 ConcurrentGCThread "G1 Main Marker" [stack: 0x0000002de4400000,0x0000002de4500000] [id=8864]
  0x0000017e7312ebf0 ConcurrentGCThread "G1 Conc#0" [stack: 0x0000002de4500000,0x0000002de4600000] [id=25432]
  0x0000017e7315d860 ConcurrentGCThread "G1 Refine#0" [stack: 0x0000002de4600000,0x0000002de4700000] [id=3952]
  0x0000017e60150b30 ConcurrentGCThread "G1 Refine#1" [stack: 0x0000002de6500000,0x0000002de6600000] [id=24228]
  0x0000017e6014f0c0 ConcurrentGCThread "G1 Refine#2" [stack: 0x0000002de6f00000,0x0000002de7000000] [id=11732]
  0x0000017e60150550 ConcurrentGCThread "G1 Refine#3" [stack: 0x0000002de7000000,0x0000002de7100000] [id=17088]
  0x0000017e7315e1a0 ConcurrentGCThread "G1 Service" [stack: 0x0000002de4700000,0x0000002de4800000] [id=25128]

Threads with active compile tasks:
C2 CompilerThread0  22756 9442       4       java.lang.invoke.MethodType::makeImpl (109 bytes)

VM state: not at safepoint (normal execution)

VM Mutex/Monitor currently owned by a thread: None

Heap address: 0x0000000700000000, size: 4096 MB, Compressed Oops mode: Zero based, Oop shift amount: 3

CDS archive(s) mapped at: [0x0000017e19000000-0x0000017e19bb0000-0x0000017e19bb0000), size 12255232, SharedBaseAddress: 0x0000017e19000000, ArchiveRelocationMode: 1.
Compressed class space mapped at: 0x0000017e1a000000-0x0000017e5a000000, reserved size: 1073741824
Narrow klass base: 0x0000017e19000000, Narrow klass shift: 0, Narrow klass range: 0x100000000

GC Precious Log:
 CPUs: 4 total, 4 available
 Memory: 7973M
 Large Page Support: Disabled
 NUMA Support: Disabled
 Compressed Oops: Enabled (Zero based)
 Heap Region Size: 2M
 Heap Min Capacity: 8M
 Heap Initial Capacity: 126M
 Heap Max Capacity: 4G
 Pre-touch: Disabled
 Parallel Workers: 4
 Concurrent Workers: 1
 Concurrent Refinement Workers: 4
 Periodic GC: Disabled

Heap:
 garbage-first heap   total 143360K, used 87778K [0x0000000700000000, 0x0000000800000000)
  region size 2048K, 8 young (16384K), 2 survivors (4096K)
 Metaspace       used 105395K, committed 105984K, reserved 1179648K
  class space    used 13337K, committed 13632K, reserved 1048576K

Heap Regions: E=young(eden), S=young(survivor), O=old, HS=humongous(starts), HC=humongous(continues), CS=collection set, F=free, OA=open archive, CA=closed archive, TAMS=top-at-mark-start (previous, next)
|   0|0x0000000700000000, 0x0000000700200000, 0x0000000700200000|100%|HS|  |TAMS 0x0000000700200000, 0x0000000700000000| Complete 
|   1|0x0000000700200000, 0x0000000700400000, 0x0000000700400000|100%|HC|  |TAMS 0x0000000700400000, 0x0000000700200000| Complete 
|   2|0x0000000700400000, 0x0000000700600000, 0x0000000700600000|100%| O|  |TAMS 0x0000000700600000, 0x0000000700400000| Untracked 
|   3|0x0000000700600000, 0x0000000700800000, 0x0000000700800000|100%| O|  |TAMS 0x0000000700800000, 0x0000000700600000| Untracked 
|   4|0x0000000700800000, 0x0000000700a00000, 0x0000000700a00000|100%| O|  |TAMS 0x0000000700a00000, 0x0000000700800000| Untracked 
|   5|0x0000000700a00000, 0x0000000700c00000, 0x0000000700c00000|100%| O|  |TAMS 0x0000000700c00000, 0x0000000700a00000| Untracked 
|   6|0x0000000700c00000, 0x0000000700e00000, 0x0000000700e00000|100%| O|  |TAMS 0x0000000700e00000, 0x0000000700c00000| Untracked 
|   7|0x0000000700e00000, 0x0000000701000000, 0x0000000701000000|100%| O|  |TAMS 0x0000000701000000, 0x0000000700e00000| Untracked 
|   8|0x0000000701000000, 0x0000000701200000, 0x0000000701200000|100%| O|  |TAMS 0x0000000701200000, 0x0000000701000000| Untracked 
|   9|0x0000000701200000, 0x0000000701400000, 0x0000000701400000|100%| O|  |TAMS 0x0000000701400000, 0x0000000701200000| Untracked 
|  10|0x0000000701400000, 0x0000000701600000, 0x0000000701600000|100%| O|  |TAMS 0x0000000701600000, 0x0000000701400000| Untracked 
|  11|0x0000000701600000, 0x0000000701800000, 0x0000000701800000|100%| O|  |TAMS 0x0000000701800000, 0x0000000701600000| Untracked 
|  12|0x0000000701800000, 0x0000000701a00000, 0x0000000701a00000|100%| O|  |TAMS 0x0000000701a00000, 0x0000000701800000| Untracked 
|  13|0x0000000701a00000, 0x0000000701c00000, 0x0000000701c00000|100%| O|  |TAMS 0x0000000701c00000, 0x0000000701a00000| Untracked 
|  14|0x0000000701c00000, 0x0000000701e00000, 0x0000000701e00000|100%| O|  |TAMS 0x0000000701e00000, 0x0000000701c00000| Untracked 
|  15|0x0000000701e00000, 0x0000000702000000, 0x0000000702000000|100%| O|  |TAMS 0x0000000702000000, 0x0000000701e00000| Untracked 
|  16|0x0000000702000000, 0x0000000702200000, 0x0000000702200000|100%| O|  |TAMS 0x0000000702200000, 0x0000000702000000| Untracked 
|  17|0x0000000702200000, 0x0000000702400000, 0x0000000702400000|100%| O|  |TAMS 0x0000000702400000, 0x0000000702200000| Untracked 
|  18|0x0000000702400000, 0x0000000702600000, 0x0000000702600000|100%|HS|  |TAMS 0x0000000702600000, 0x0000000702400000| Complete 
|  19|0x0000000702600000, 0x0000000702800000, 0x0000000702800000|100%|HC|  |TAMS 0x0000000702800000, 0x0000000702600000| Complete 
|  20|0x0000000702800000, 0x0000000702a00000, 0x0000000702a00000|100%|HC|  |TAMS 0x0000000702a00000, 0x0000000702800000| Complete 
|  21|0x0000000702a00000, 0x0000000702c00000, 0x0000000702c00000|100%| O|  |TAMS 0x0000000702c00000, 0x0000000702a00000| Untracked 
|  22|0x0000000702c00000, 0x0000000702e00000, 0x0000000702e00000|100%| O|  |TAMS 0x0000000702e00000, 0x0000000702c00000| Untracked 
|  23|0x0000000702e00000, 0x0000000703000000, 0x0000000703000000|100%| O|  |TAMS 0x0000000703000000, 0x0000000702e00000| Untracked 
|  24|0x0000000703000000, 0x0000000703200000, 0x0000000703200000|100%| O|  |TAMS 0x0000000703200000, 0x0000000703000000| Untracked 
|  25|0x0000000703200000, 0x0000000703400000, 0x0000000703400000|100%| O|  |TAMS 0x0000000703400000, 0x0000000703200000| Untracked 
|  26|0x0000000703400000, 0x0000000703600000, 0x0000000703600000|100%| O|  |TAMS 0x0000000703600000, 0x0000000703400000| Untracked 
|  27|0x0000000703600000, 0x0000000703800000, 0x0000000703800000|100%| O|  |TAMS 0x0000000703800000, 0x0000000703600000| Untracked 
|  28|0x0000000703800000, 0x0000000703a00000, 0x0000000703a00000|100%| O|  |TAMS 0x0000000703a00000, 0x0000000703800000| Untracked 
|  29|0x0000000703a00000, 0x0000000703c00000, 0x0000000703c00000|100%| O|  |TAMS 0x0000000703c00000, 0x0000000703a00000| Untracked 
|  30|0x0000000703c00000, 0x0000000703e00000, 0x0000000703e00000|100%| O|  |TAMS 0x0000000703e00000, 0x0000000703c00000| Untracked 
|  31|0x0000000703e00000, 0x0000000704000000, 0x0000000704000000|100%| O|  |TAMS 0x0000000704000000, 0x0000000703e00000| Untracked 
|  32|0x0000000704000000, 0x0000000704200000, 0x0000000704200000|100%| O|  |TAMS 0x0000000704200000, 0x0000000704000000| Untracked 
|  33|0x0000000704200000, 0x0000000704400000, 0x0000000704400000|100%| O|  |TAMS 0x0000000704400000, 0x0000000704200000| Untracked 
|  34|0x0000000704400000, 0x0000000704600000, 0x0000000704600000|100%| O|  |TAMS 0x0000000704600000, 0x0000000704400000| Untracked 
|  35|0x0000000704600000, 0x0000000704800000, 0x0000000704800000|100%| O|  |TAMS 0x000000070476fc00, 0x0000000704600000| Untracked 
|  36|0x0000000704800000, 0x0000000704923e00, 0x0000000704a00000| 57%| O|  |TAMS 0x0000000704800000, 0x0000000704800000| Untracked 
|  37|0x0000000704a00000, 0x0000000704a00000, 0x0000000704c00000|  0%| F|  |TAMS 0x0000000704a00000, 0x0000000704a00000| Untracked 
|  38|0x0000000704c00000, 0x0000000704c00000, 0x0000000704e00000|  0%| F|  |TAMS 0x0000000704c00000, 0x0000000704c00000| Untracked 
|  39|0x0000000704e00000, 0x0000000704e00000, 0x0000000705000000|  0%| F|  |TAMS 0x0000000704e00000, 0x0000000704e00000| Untracked 
|  40|0x0000000705000000, 0x0000000705000000, 0x0000000705200000|  0%| F|  |TAMS 0x0000000705000000, 0x0000000705000000| Untracked 
|  41|0x0000000705200000, 0x0000000705200000, 0x0000000705400000|  0%| F|  |TAMS 0x0000000705200000, 0x0000000705200000| Untracked 
|  42|0x0000000705400000, 0x0000000705400000, 0x0000000705600000|  0%| F|  |TAMS 0x0000000705400000, 0x0000000705400000| Untracked 
|  43|0x0000000705600000, 0x0000000705600000, 0x0000000705800000|  0%| F|  |TAMS 0x0000000705600000, 0x0000000705600000| Untracked 
|  44|0x0000000705800000, 0x0000000705800000, 0x0000000705a00000|  0%| F|  |TAMS 0x0000000705800000, 0x0000000705800000| Untracked 
|  45|0x0000000705a00000, 0x0000000705a00000, 0x0000000705c00000|  0%| F|  |TAMS 0x0000000705a00000, 0x0000000705a00000| Untracked 
|  46|0x0000000705c00000, 0x0000000705c00000, 0x0000000705e00000|  0%| F|  |TAMS 0x0000000705c00000, 0x0000000705c00000| Untracked 
|  47|0x0000000705e00000, 0x0000000705e00000, 0x0000000706000000|  0%| F|  |TAMS 0x0000000705e00000, 0x0000000705e00000| Untracked 
|  48|0x0000000706000000, 0x0000000706000000, 0x0000000706200000|  0%| F|  |TAMS 0x0000000706000000, 0x0000000706000000| Untracked 
|  49|0x0000000706200000, 0x0000000706200000, 0x0000000706400000|  0%| F|  |TAMS 0x0000000706200000, 0x0000000706200000| Untracked 
|  50|0x0000000706400000, 0x0000000706400000, 0x0000000706600000|  0%| F|  |TAMS 0x0000000706400000, 0x0000000706400000| Untracked 
|  51|0x0000000706600000, 0x0000000706694a80, 0x0000000706800000| 29%| S|CS|TAMS 0x0000000706600000, 0x0000000706600000| Complete 
|  52|0x0000000706800000, 0x0000000706a00000, 0x0000000706a00000|100%| S|CS|TAMS 0x0000000706800000, 0x0000000706800000| Complete 
|  53|0x0000000706a00000, 0x0000000706a00000, 0x0000000706c00000|  0%| F|  |TAMS 0x0000000706a00000, 0x0000000706a00000| Untracked 
|  54|0x0000000706c00000, 0x0000000706c00000, 0x0000000706e00000|  0%| F|  |TAMS 0x0000000706c00000, 0x0000000706c00000| Untracked 
|  55|0x0000000706e00000, 0x0000000706e00000, 0x0000000707000000|  0%| F|  |TAMS 0x0000000706e00000, 0x0000000706e00000| Untracked 
|  56|0x0000000707000000, 0x0000000707000000, 0x0000000707200000|  0%| F|  |TAMS 0x0000000707000000, 0x0000000707000000| Untracked 
|  57|0x0000000707200000, 0x0000000707200000, 0x0000000707400000|  0%| F|  |TAMS 0x0000000707200000, 0x0000000707200000| Untracked 
|  58|0x0000000707400000, 0x0000000707400000, 0x0000000707600000|  0%| F|  |TAMS 0x0000000707400000, 0x0000000707400000| Untracked 
|  59|0x0000000707600000, 0x0000000707600000, 0x0000000707800000|  0%| F|  |TAMS 0x0000000707600000, 0x0000000707600000| Untracked 
|  60|0x0000000707800000, 0x0000000707800000, 0x0000000707a00000|  0%| F|  |TAMS 0x0000000707800000, 0x0000000707800000| Untracked 
|  61|0x0000000707a00000, 0x0000000707a00000, 0x0000000707c00000|  0%| F|  |TAMS 0x0000000707a00000, 0x0000000707a00000| Untracked 
|  62|0x0000000707c00000, 0x0000000707c00000, 0x0000000707e00000|  0%| F|  |TAMS 0x0000000707c00000, 0x0000000707c00000| Untracked 
|  63|0x0000000707e00000, 0x0000000707e00000, 0x0000000708000000|  0%| F|  |TAMS 0x0000000707e00000, 0x0000000707e00000| Untracked 
|  64|0x0000000708000000, 0x0000000708200000, 0x0000000708200000|100%| E|  |TAMS 0x0000000708000000, 0x0000000708000000| Complete 
|  65|0x0000000708200000, 0x0000000708400000, 0x0000000708400000|100%| E|CS|TAMS 0x0000000708200000, 0x0000000708200000| Complete 
|  66|0x0000000708400000, 0x0000000708600000, 0x0000000708600000|100%| E|CS|TAMS 0x0000000708400000, 0x0000000708400000| Complete 
|  67|0x0000000708600000, 0x0000000708800000, 0x0000000708800000|100%| E|CS|TAMS 0x0000000708600000, 0x0000000708600000| Complete 
|  68|0x0000000708800000, 0x0000000708a00000, 0x0000000708a00000|100%| E|CS|TAMS 0x0000000708800000, 0x0000000708800000| Complete 
|  69|0x0000000708a00000, 0x0000000708c00000, 0x0000000708c00000|100%| E|CS|TAMS 0x0000000708a00000, 0x0000000708a00000| Complete 

Card table byte_map: [0x0000017e7d230000,0x0000017e7da30000] _byte_map_base: 0x0000017e79a30000

Marking Bits (Prev, Next): (CMBitMap*) 0x0000017e72f7de40, (CMBitMap*) 0x0000017e72f7de00
 Prev Bits: [0x0000017e13000000, 0x0000017e17000000)
 Next Bits: [0x0000017e0f000000, 0x0000017e13000000)

Polling page: 0x0000017e72e30000

Metaspace:

Usage:
  Non-class:     89.90 MB used.
      Class:     13.02 MB used.
       Both:    102.92 MB used.

Virtual space:
  Non-class space:      128.00 MB reserved,      90.19 MB ( 70%) committed,  2 nodes.
      Class space:        1.00 GB reserved,      13.31 MB (  1%) committed,  1 nodes.
             Both:        1.12 GB reserved,     103.50 MB (  9%) committed. 

Chunk freelists:
   Non-Class:  5.69 MB
       Class:  2.59 MB
        Both:  8.28 MB

MaxMetaspaceSize: unlimited
CompressedClassSpaceSize: 1.00 GB
Initial GC threshold: 21.00 MB
Current GC threshold: 164.00 MB
CDS: on
MetaspaceReclaimPolicy: balanced
 - commit_granule_bytes: 65536.
 - commit_granule_words: 8192.
 - virtual_space_node_default_size: 8388608.
 - enlarge_chunks_in_place: 1.
 - new_chunks_are_fully_committed: 0.
 - uncommit_free_chunks: 1.
 - use_allocation_guard: 0.
 - handle_deallocations: 1.


Internal statistics:

num_allocs_failed_limit: 12.
num_arena_births: 624.
num_arena_deaths: 2.
num_vsnodes_births: 3.
num_vsnodes_deaths: 0.
num_space_committed: 1654.
num_space_uncommitted: 0.
num_chunks_returned_to_freelist: 18.
num_chunks_taken_from_freelist: 4259.
num_chunk_merges: 12.
num_chunk_splits: 3447.
num_chunks_enlarged: 2961.
num_inconsistent_stats: 0.

CodeHeap 'non-profiled nmethods': size=120000Kb used=4454Kb max_used=4454Kb free=115545Kb
 bounds [0x0000017e07ad0000, 0x0000017e07f40000, 0x0000017e0f000000]
CodeHeap 'profiled nmethods': size=120000Kb used=17752Kb max_used=17752Kb free=102248Kb
 bounds [0x0000017e00000000, 0x0000017e01160000, 0x0000017e07530000]
CodeHeap 'non-nmethods': size=5760Kb used=2533Kb max_used=2554Kb free=3226Kb
 bounds [0x0000017e07530000, 0x0000017e077c0000, 0x0000017e07ad0000]
 total_blobs=9368 nmethods=8298 adapters=979
 compilation: enabled
              stopped_count=0, restarted_count=0
 full_count=0

Compilation events (20 events):
Event: 21.389 Thread 0x0000017e7e9d8140 nmethod 9604 0x0000017e010d1690 code [0x0000017e010d1860, 0x0000017e010d1b68]
Event: 21.389 Thread 0x0000017e7e9d8140 9605       3       org.jetbrains.org.objectweb.asm.Type::getOpcode (284 bytes)
Event: 21.390 Thread 0x0000017e7e9d8140 nmethod 9605 0x0000017e010d1d10 code [0x0000017e010d1fc0, 0x0000017e010d2c58]
Event: 21.390 Thread 0x0000017e7e9d8140 9606       3       org.jetbrains.kotlin.codegen.optimization.transformer.MethodTransformer::<init> (5 bytes)
Event: 21.390 Thread 0x0000017e7e9d8140 nmethod 9606 0x0000017e010d2f10 code [0x0000017e010d30c0, 0x0000017e010d3218]
Event: 21.390 Thread 0x0000017e7e9d8140 9607       3       org.jetbrains.kotlin.codegen.optimization.ConstantConditionEliminationMethodTransformer::isIntJump (68 bytes)
Event: 21.390 Thread 0x0000017e7e9d8140 nmethod 9607 0x0000017e010d3310 code [0x0000017e010d34c0, 0x0000017e010d38d8]
Event: 21.390 Thread 0x0000017e7e9d8140 9608       3       org.jetbrains.kotlin.ir.util.IrUtilsKt::hasAnnotation (118 bytes)
Event: 21.392 Thread 0x0000017e7e9d8140 nmethod 9608 0x0000017e010d3990 code [0x0000017e010d3d00, 0x0000017e010d53b8]
Event: 21.395 Thread 0x0000017e7e9d8140 9609       3       org.jetbrains.kotlin.ir.types.IrTypePredicatesKt::isArray (14 bytes)
Event: 21.396 Thread 0x0000017e7e9d8140 nmethod 9609 0x0000017e010d5a90 code [0x0000017e010d5cc0, 0x0000017e010d6348]
Event: 21.400 Thread 0x0000017e7e9d8140 9610       3       org.jetbrains.org.objectweb.asm.commons.InstructionAdapter::load (15 bytes)
Event: 21.400 Thread 0x0000017e7e9d8140 nmethod 9610 0x0000017e010d6610 code [0x0000017e010d67c0, 0x0000017e010d69f8]
Event: 21.401 Thread 0x0000017e7e9d8140 9611       3       org.jetbrains.kotlin.codegen.inline.MaxLocalsCalculator::visitVarInsn (47 bytes)
Event: 21.402 Thread 0x0000017e7e9d8140 nmethod 9611 0x0000017e010d6b10 code [0x0000017e010d6ce0, 0x0000017e010d70c8]
Event: 21.405 Thread 0x0000017e7e9d8140 9612       3       org.jetbrains.kotlin.backend.jvm.intrinsics.IrIntrinsicMethods$Companion::getParameterFqName (25 bytes)
Event: 21.405 Thread 0x0000017e7e9d8140 nmethod 9612 0x0000017e010d7210 code [0x0000017e010d7460, 0x0000017e010d7e78]
Event: 21.406 Thread 0x0000017e7e9d8140 9613       3       org.jetbrains.kotlin.backend.jvm.JvmIrTypeSystemContext::isError (6 bytes)
Event: 21.406 Thread 0x0000017e7e9d8140 nmethod 9613 0x0000017e010d8190 code [0x0000017e010d83c0, 0x0000017e010d8ad8]
Event: 21.409 Thread 0x0000017e7e9d8140 9614       3       org.jetbrains.kotlin.backend.jvm.ir.JvmIrTypeUtilsKt::eraseTypeParameters (551 bytes)

GC Heap History (20 events):
Event: 14.768 GC heap before
{Heap before GC invocations=20 (full 0):
 garbage-first heap   total 122880K, used 100305K [0x0000000700000000, 0x0000000800000000)
  region size 2048K, 27 young (55296K), 4 survivors (8192K)
 Metaspace       used 68174K, committed 68672K, reserved 1114112K
  class space    used 9381K, committed 9600K, reserved 1048576K
}
Event: 14.781 GC heap after
{Heap after GC invocations=21 (full 0):
 garbage-first heap   total 122880K, used 60500K [0x0000000700000000, 0x0000000800000000)
  region size 2048K, 3 young (6144K), 3 survivors (6144K)
 Metaspace       used 68174K, committed 68672K, reserved 1114112K
  class space    used 9381K, committed 9600K, reserved 1048576K
}
Event: 15.307 GC heap before
{Heap before GC invocations=21 (full 0):
 garbage-first heap   total 122880K, used 97364K [0x0000000700000000, 0x0000000800000000)
  region size 2048K, 21 young (43008K), 3 survivors (6144K)
 Metaspace       used 72730K, committed 73216K, reserved 1114112K
  class space    used 9818K, committed 10048K, reserved 1048576K
}
Event: 15.314 GC heap after
{Heap after GC invocations=22 (full 0):
 garbage-first heap   total 122880K, used 61926K [0x0000000700000000, 0x0000000800000000)
  region size 2048K, 1 young (2048K), 1 survivors (2048K)
 Metaspace       used 72730K, committed 73216K, reserved 1114112K
  class space    used 9818K, committed 10048K, reserved 1048576K
}
Event: 15.989 GC heap before
{Heap before GC invocations=23 (full 0):
 garbage-first heap   total 122880K, used 98790K [0x0000000700000000, 0x0000000800000000)
  region size 2048K, 19 young (38912K), 1 survivors (2048K)
 Metaspace       used 77391K, committed 77888K, reserved 1179648K
  class space    used 10413K, committed 10624K, reserved 1048576K
}
Event: 15.995 GC heap after
{Heap after GC invocations=24 (full 0):
 garbage-first heap   total 122880K, used 64261K [0x0000000700000000, 0x0000000800000000)
  region size 2048K, 3 young (6144K), 3 survivors (6144K)
 Metaspace       used 77391K, committed 77888K, reserved 1179648K
  class space    used 10413K, committed 10624K, reserved 1048576K
}
Event: 16.408 GC heap before
{Heap before GC invocations=24 (full 0):
 garbage-first heap   total 122880K, used 99077K [0x0000000700000000, 0x0000000800000000)
  region size 2048K, 20 young (40960K), 3 survivors (6144K)
 Metaspace       used 78864K, committed 79360K, reserved 1179648K
  class space    used 10566K, committed 10816K, reserved 1048576K
}
Event: 16.416 GC heap after
{Heap after GC invocations=25 (full 0):
 garbage-first heap   total 122880K, used 66011K [0x0000000700000000, 0x0000000800000000)
  region size 2048K, 3 young (6144K), 3 survivors (6144K)
 Metaspace       used 78864K, committed 79360K, reserved 1179648K
  class space    used 10566K, committed 10816K, reserved 1048576K
}
Event: 17.111 GC heap before
{Heap before GC invocations=26 (full 0):
 garbage-first heap   total 126976K, used 96731K [0x0000000700000000, 0x0000000800000000)
  region size 2048K, 19 young (38912K), 3 survivors (6144K)
 Metaspace       used 80902K, committed 81408K, reserved 1179648K
  class space    used 10794K, committed 11008K, reserved 1048576K
}
Event: 17.119 GC heap after
{Heap after GC invocations=27 (full 0):
 garbage-first heap   total 126976K, used 69147K [0x0000000700000000, 0x0000000800000000)
  region size 2048K, 3 young (6144K), 3 survivors (6144K)
 Metaspace       used 80902K, committed 81408K, reserved 1179648K
  class space    used 10794K, committed 11008K, reserved 1048576K
}
Event: 17.914 GC heap before
{Heap before GC invocations=27 (full 0):
 garbage-first heap   total 126976K, used 101915K [0x0000000700000000, 0x0000000800000000)
  region size 2048K, 19 young (38912K), 3 survivors (6144K)
 Metaspace       used 83487K, committed 83968K, reserved 1179648K
  class space    used 11080K, committed 11328K, reserved 1048576K
}
Event: 17.922 GC heap after
{Heap after GC invocations=28 (full 0):
 garbage-first heap   total 126976K, used 70873K [0x0000000700000000, 0x0000000800000000)
  region size 2048K, 1 young (2048K), 1 survivors (2048K)
 Metaspace       used 83487K, committed 83968K, reserved 1179648K
  class space    used 11080K, committed 11328K, reserved 1048576K
}
Event: 19.030 GC heap before
{Heap before GC invocations=29 (full 0):
 garbage-first heap   total 126976K, used 103641K [0x0000000700000000, 0x0000000800000000)
  region size 2048K, 17 young (34816K), 1 survivors (2048K)
 Metaspace       used 86882K, committed 87488K, reserved 1179648K
  class space    used 11421K, committed 11712K, reserved 1048576K
}
Event: 19.036 GC heap after
{Heap after GC invocations=30 (full 0):
 garbage-first heap   total 126976K, used 73164K [0x0000000700000000, 0x0000000800000000)
  region size 2048K, 3 young (6144K), 3 survivors (6144K)
 Metaspace       used 86882K, committed 87488K, reserved 1179648K
  class space    used 11421K, committed 11712K, reserved 1048576K
}
Event: 19.618 GC heap before
{Heap before GC invocations=30 (full 0):
 garbage-first heap   total 126976K, used 99788K [0x0000000700000000, 0x0000000800000000)
  region size 2048K, 17 young (34816K), 3 survivors (6144K)
 Metaspace       used 90373K, committed 90944K, reserved 1179648K
  class space    used 11757K, committed 12032K, reserved 1048576K
}
Event: 19.625 GC heap after
{Heap after GC invocations=31 (full 0):
 garbage-first heap   total 126976K, used 74965K [0x0000000700000000, 0x0000000800000000)
  region size 2048K, 3 young (6144K), 3 survivors (6144K)
 Metaspace       used 90373K, committed 90944K, reserved 1179648K
  class space    used 11757K, committed 12032K, reserved 1048576K
}
Event: 20.235 GC heap before
{Heap before GC invocations=32 (full 0):
 garbage-first heap   total 133120K, used 101589K [0x0000000700000000, 0x0000000800000000)
  region size 2048K, 17 young (34816K), 3 survivors (6144K)
 Metaspace       used 93920K, committed 94528K, reserved 1179648K
  class space    used 12198K, committed 12480K, reserved 1048576K
}
Event: 20.241 GC heap after
{Heap after GC invocations=33 (full 0):
 garbage-first heap   total 133120K, used 76190K [0x0000000700000000, 0x0000000800000000)
  region size 2048K, 2 young (4096K), 2 survivors (4096K)
 Metaspace       used 93920K, committed 94528K, reserved 1179648K
  class space    used 12198K, committed 12480K, reserved 1048576K
}
Event: 20.756 GC heap before
{Heap before GC invocations=33 (full 0):
 garbage-first heap   total 133120K, used 106910K [0x0000000700000000, 0x0000000800000000)
  region size 2048K, 18 young (36864K), 2 survivors (4096K)
 Metaspace       used 99069K, committed 99648K, reserved 1179648K
  class space    used 12706K, committed 12992K, reserved 1048576K
}
Event: 20.761 GC heap after
{Heap after GC invocations=34 (full 0):
 garbage-first heap   total 133120K, used 76448K [0x0000000700000000, 0x0000000800000000)
  region size 2048K, 2 young (4096K), 2 survivors (4096K)
 Metaspace       used 99069K, committed 99648K, reserved 1179648K
  class space    used 12706K, committed 12992K, reserved 1048576K
}

Dll operation events (15 events):
Event: 0.019 Loaded shared library C:\Program Files\Eclipse Adoptium\jdk-17.0.17.10-hotspot\bin\java.dll
Event: 0.040 Loaded shared library C:\Program Files\Eclipse Adoptium\jdk-17.0.17.10-hotspot\bin\jsvml.dll
Event: 0.129 Loaded shared library C:\Program Files\Eclipse Adoptium\jdk-17.0.17.10-hotspot\bin\zip.dll
Event: 0.133 Loaded shared library C:\Program Files\Eclipse Adoptium\jdk-17.0.17.10-hotspot\bin\instrument.dll
Event: 0.138 Loaded shared library C:\Program Files\Eclipse Adoptium\jdk-17.0.17.10-hotspot\bin\net.dll
Event: 0.141 Loaded shared library C:\Program Files\Eclipse Adoptium\jdk-17.0.17.10-hotspot\bin\nio.dll
Event: 0.147 Loaded shared library C:\Program Files\Eclipse Adoptium\jdk-17.0.17.10-hotspot\bin\zip.dll
Event: 0.503 Loaded shared library C:\Program Files\Eclipse Adoptium\jdk-17.0.17.10-hotspot\bin\jimage.dll
Event: 0.653 Loaded shared library C:\Program Files\Eclipse Adoptium\jdk-17.0.17.10-hotspot\bin\verify.dll
Event: 0.961 Loaded shared library C:\Users\User\.gradle\native\c067742578af261105cb4f569cf0c3c89f3d7b1fecec35dd04571415982c5e48\windows-amd64\native-platform.dll
Event: 0.968 Loaded shared library C:\Users\User\.gradle\native\38dada09dfb8b06ba9b0570ebf7e218e3eb74d4ef43ca46872605cf95ebc2f47\windows-amd64\native-platform-file-events.dll
Event: 2.768 Loaded shared library C:\Program Files\Eclipse Adoptium\jdk-17.0.17.10-hotspot\bin\management.dll
Event: 2.772 Loaded shared library C:\Program Files\Eclipse Adoptium\jdk-17.0.17.10-hotspot\bin\management_ext.dll
Event: 3.085 Loaded shared library C:\Program Files\Eclipse Adoptium\jdk-17.0.17.10-hotspot\bin\extnet.dll
Event: 3.474 Loaded shared library C:\Program Files\Eclipse Adoptium\jdk-17.0.17.10-hotspot\bin\sunmscapi.dll

Deoptimization events (20 events):
Event: 21.317 Thread 0x0000017e5f4fdc00 Uncommon trap: trap_request=0xffffff45 fr.pc=0x0000017e07e63ce0 relative=0x0000000000000760
Event: 21.317 Thread 0x0000017e5f4fdc00 Uncommon trap: reason=unstable_if action=reinterpret pc=0x0000017e07e63ce0 method=org.jetbrains.kotlin.protobuf.SmallSortedMap.entrySet()Ljava/util/Set; @ 4 c2
Event: 21.317 Thread 0x0000017e5f4fdc00 DEOPT PACKING pc=0x0000017e07e63ce0 sp=0x0000002de5ef4b50
Event: 21.317 Thread 0x0000017e5f4fdc00 DEOPT UNPACKING pc=0x0000017e0758a1a3 sp=0x0000002de5ef4a50 mode 2
Event: 21.366 Thread 0x0000017e5f4fdc00 Uncommon trap: trap_request=0xffffffc6 fr.pc=0x0000017e07dcc044 relative=0x00000000000002e4
Event: 21.366 Thread 0x0000017e5f4fdc00 Uncommon trap: reason=bimorphic_or_optimized_type_check action=maybe_recompile pc=0x0000017e07dcc044 method=org.jetbrains.kotlin.util.slicedMap.SlicedMapImpl.get(Lorg/jetbrains/kotlin/util/slicedMap/ReadOnlySlice;Ljava/lang/Object;)Ljava/lang/Object; @ 35
Event: 21.366 Thread 0x0000017e5f4fdc00 DEOPT PACKING pc=0x0000017e07dcc044 sp=0x0000002de5ef60c0
Event: 21.366 Thread 0x0000017e5f4fdc00 DEOPT UNPACKING pc=0x0000017e0758a1a3 sp=0x0000002de5ef6068 mode 2
Event: 21.366 Thread 0x0000017e5f4fdc00 Uncommon trap: trap_request=0xffffffc6 fr.pc=0x0000017e07dcc044 relative=0x00000000000002e4
Event: 21.366 Thread 0x0000017e5f4fdc00 Uncommon trap: reason=bimorphic_or_optimized_type_check action=maybe_recompile pc=0x0000017e07dcc044 method=org.jetbrains.kotlin.util.slicedMap.SlicedMapImpl.get(Lorg/jetbrains/kotlin/util/slicedMap/ReadOnlySlice;Ljava/lang/Object;)Ljava/lang/Object; @ 35
Event: 21.366 Thread 0x0000017e5f4fdc00 DEOPT PACKING pc=0x0000017e07dcc044 sp=0x0000002de5ef5f00
Event: 21.366 Thread 0x0000017e5f4fdc00 DEOPT UNPACKING pc=0x0000017e0758a1a3 sp=0x0000002de5ef5ea8 mode 2
Event: 21.366 Thread 0x0000017e5f4fdc00 Uncommon trap: trap_request=0xffffff45 fr.pc=0x0000017e07e61f4c relative=0x000000000000022c
Event: 21.366 Thread 0x0000017e5f4fdc00 Uncommon trap: reason=unstable_if action=reinterpret pc=0x0000017e07e61f4c method=org.jetbrains.kotlin.protobuf.SmallSortedMap.entrySet()Ljava/util/Set; @ 4 c2
Event: 21.367 Thread 0x0000017e5f4fdc00 DEOPT PACKING pc=0x0000017e07e61f4c sp=0x0000002de5ef5cd0
Event: 21.367 Thread 0x0000017e5f4fdc00 DEOPT UNPACKING pc=0x0000017e0758a1a3 sp=0x0000002de5ef5c30 mode 2
Event: 21.367 Thread 0x0000017e5f4fdc00 Uncommon trap: trap_request=0xffffff45 fr.pc=0x0000017e07e6249c relative=0x000000000000017c
Event: 21.367 Thread 0x0000017e5f4fdc00 Uncommon trap: reason=unstable_if action=reinterpret pc=0x0000017e07e6249c method=org.jetbrains.kotlin.protobuf.SmallSortedMap.entrySet()Ljava/util/Set; @ 4 c2
Event: 21.367 Thread 0x0000017e5f4fdc00 DEOPT PACKING pc=0x0000017e07e6249c sp=0x0000002de5ef5c70
Event: 21.367 Thread 0x0000017e5f4fdc00 DEOPT UNPACKING pc=0x0000017e0758a1a3 sp=0x0000002de5ef5c30 mode 2

Classes loaded (20 events):
Event: 13.626 Loading class java/nio/channels/Channels$ReadableByteChannelImpl
Event: 13.626 Loading class java/nio/channels/Channels$ReadableByteChannelImpl done
Event: 13.627 Loading class java/nio/channels/NonWritableChannelException
Event: 13.627 Loading class java/nio/channels/NonWritableChannelException done
Event: 15.489 Loading class java/text/StringCharacterIterator
Event: 15.489 Loading class java/text/CharacterIterator
Event: 15.489 Loading class java/text/CharacterIterator done
Event: 15.489 Loading class java/text/StringCharacterIterator done
Event: 15.577 Loading class java/io/NotSerializableException
Event: 15.577 Loading class java/io/NotSerializableException done
Event: 15.878 Loading class java/util/function/IntUnaryOperator
Event: 15.878 Loading class java/util/function/IntUnaryOperator done
Event: 15.921 Loading class java/util/AbstractList$SubList
Event: 15.921 Loading class java/util/AbstractList$SubList done
Event: 15.922 Loading class java/util/AbstractList$SubList$1
Event: 15.922 Loading class java/util/AbstractList$SubList$1 done
Event: 17.345 Loading class java/util/AbstractList$RandomAccessSubList
Event: 17.346 Loading class java/util/AbstractList$RandomAccessSubList done
Event: 21.197 Loading class java/util/Vector$Itr
Event: 21.197 Loading class java/util/Vector$Itr done

Classes unloaded (5 events):
Event: 13.199 Thread 0x0000017e7e673520 Unloading class 0x0000017e1a558918 '_BuildScript_$_run_closure1$_closure2'
Event: 13.199 Thread 0x0000017e7e673520 Unloading class 0x0000017e1a558530 '_BuildScript_$_run_closure1'
Event: 13.199 Thread 0x0000017e7e673520 Unloading class 0x0000017e1a558000 '_BuildScript_'
Event: 13.199 Thread 0x0000017e7e673520 Unloading class 0x0000017e1a550ab0 'GradleAnnotationProcessorPatchPlugin$AnnotationProcessorModelBuilder'
Event: 13.199 Thread 0x0000017e7e673520 Unloading class 0x0000017e1a550800 'GradleAnnotationProcessorPatchPlugin'

Classes redefined (0 events):
No events

Internal exceptions (20 events):
Event: 12.199 Thread 0x0000017e5f4fdc00 Exception <a 'java/lang/NoSuchMethodError'{0x0000000705c87a28}: 'long java.lang.invoke.DirectMethodHandle$Holder.invokeStaticInit(java.lang.Object)'> (0x0000000705c87a28) 
thrown [s\src\hotspot\share\interpreter\linkResolver.cpp, line 759]
Event: 12.300 Thread 0x0000017e5f4fdc00 Exception <a 'java/lang/NoSuchMethodError'{0x00000007059aca28}: 'long java.lang.invoke.Invokers$Holder.invoke_MT(java.lang.Object, java.lang.Object, java.lang.Object, java.lang.Object)'> (0x00000007059aca28) 
thrown [s\src\hotspot\share\interpreter\linkResolver.cpp, line 759]
Event: 12.301 Thread 0x0000017e5f4fdc00 Exception <a 'java/lang/NoSuchMethodError'{0x00000007059b5b28}: 'int java.lang.invoke.Invokers$Holder.invoke_MT(java.lang.Object, java.lang.Object, java.lang.Object, java.lang.Object)'> (0x00000007059b5b28) 
thrown [s\src\hotspot\share\interpreter\linkResolver.cpp, line 759]
Event: 12.305 Thread 0x0000017e5f4fdc00 Exception <a 'java/lang/NoSuchMethodError'{0x00000007059c6138}: 'void java.lang.invoke.DelegatingMethodHandle$Holder.reinvoke_L(java.lang.Object, java.lang.Object, java.lang.Object, long, java.lang.Object)'> (0x00000007059c6138) 
thrown [s\src\hotspot\share\interpreter\linkResolver.cpp, line 759]
Event: 12.307 Thread 0x0000017e5f4fdc00 Exception <a 'java/lang/NoSuchMethodError'{0x00000007059ce7c0}: 'java.lang.Object java.lang.invoke.DirectMethodHandle$Holder.invokeSpecial(java.lang.Object, java.lang.Object, java.lang.Object, java.lang.Object, long)'> (0x00000007059ce7c0) 
thrown [s\src\hotspot\share\interpreter\linkResolver.cpp, line 759]
Event: 12.310 Thread 0x0000017e5f4fdc00 Exception <a 'java/lang/NoSuchMethodError'{0x00000007059def90}: 'int java.lang.invoke.DelegatingMethodHandle$Holder.reinvoke_L(java.lang.Object, java.lang.Object, java.lang.Object, long, java.lang.Object, java.lang.Object)'> (0x00000007059def90) 
thrown [s\src\hotspot\share\interpreter\linkResolver.cpp, line 759]
Event: 12.323 Thread 0x0000017e5f4fdc00 Exception <a 'java/lang/NoSuchMethodError'{0x00000007059eedb8}: 'int java.lang.invoke.DelegatingMethodHandle$Holder.reinvoke_L(java.lang.Object, java.lang.Object, java.lang.Object, long, int, int)'> (0x00000007059eedb8) 
thrown [s\src\hotspot\share\interpreter\linkResolver.cpp, line 759]
Event: 12.325 Thread 0x0000017e5f4fdc00 Exception <a 'java/lang/NoSuchMethodError'{0x00000007059fe988}: 'int java.lang.invoke.DelegatingMethodHandle$Holder.reinvoke_L(java.lang.Object, java.lang.Object, java.lang.Object, long, long, long)'> (0x00000007059fe988) 
thrown [s\src\hotspot\share\interpreter\linkResolver.cpp, line 759]
Event: 12.326 Thread 0x0000017e5f4fdc00 Exception <a 'java/lang/NoSuchMethodError'{0x000000070560e4e8}: 'int java.lang.invoke.DelegatingMethodHandle$Holder.reinvoke_L(java.lang.Object, java.lang.Object, java.lang.Object, long, int)'> (0x000000070560e4e8) 
thrown [s\src\hotspot\share\interpreter\linkResolver.cpp, line 759]
Event: 13.107 Thread 0x0000017e5f4fdc00 Exception <a 'java/lang/NoSuchMethodError'{0x0000000706820570}: 'java.lang.Object java.lang.invoke.Invokers$Holder.invokeExact_MT(java.lang.Object, java.lang.Object, long, java.lang.Object)'> (0x0000000706820570) 
thrown [s\src\hotspot\share\interpreter\linkResolver.cpp, line 759]
Event: 13.166 Thread 0x0000017e5f4fdc00 Exception <a 'java/lang/NoSuchMethodError'{0x0000000707d27ed0}: 'java.lang.Object java.lang.invoke.Invokers$Holder.invoke_MT(java.lang.Object, java.lang.Object, java.lang.Object)'> (0x0000000707d27ed0) 
thrown [s\src\hotspot\share\interpreter\linkResolver.cpp, line 759]
Event: 13.569 Thread 0x0000017e5f4fdc00 Implicit null exception at 0x0000017e07db5cb6 to 0x0000017e07db74ac
Event: 15.946 Thread 0x0000017e5f4fdc00 Exception <a 'java/lang/NoSuchMethodError'{0x00000007057915e8}: 'java.lang.Object java.lang.invoke.DirectMethodHandle$Holder.invokeStatic(java.lang.Object, java.lang.Object, java.lang.Object, java.lang.Object, int)'> (0x00000007057915e8) 
thrown [s\src\hotspot\share\interpreter\linkResolver.cpp, line 759]
Event: 15.947 Thread 0x0000017e5f4fdc00 Exception <a 'java/lang/NoSuchMethodError'{0x000000070579c478}: 'java.lang.Object java.lang.invoke.DirectMethodHandle$Holder.newInvokeSpecial(java.lang.Object, java.lang.Object, java.lang.Object, java.lang.Object, int)'> (0x000000070579c478) 
thrown [s\src\hotspot\share\interpreter\linkResolver.cpp, line 759]
Event: 15.947 Thread 0x0000017e5f4fdc00 Exception <a 'java/lang/NoSuchMethodError'{0x00000007057a2240}: 'java.lang.Object java.lang.invoke.DirectMethodHandle$Holder.invokeSpecial(java.lang.Object, java.lang.Object, java.lang.Object, java.lang.Object, java.lang.Object, int)'> (0x00000007057a2240) 
thrown [s\src\hotspot\share\interpreter\linkResolver.cpp, line 759]
Event: 15.948 Thread 0x0000017e5f4fdc00 Exception <a 'java/lang/NoSuchMethodError'{0x00000007057a79b8}: 'java.lang.Object java.lang.invoke.Invokers$Holder.linkToTargetMethod(java.lang.Object, java.lang.Object, java.lang.Object, int, java.lang.Object)'> (0x00000007057a79b8) 
thrown [s\src\hotspot\share\interpreter\linkResolver.cpp, line 759]
Event: 18.388 Thread 0x0000017e5f4fdc00 Exception <a 'java/lang/NoSuchMethodError'{0x0000000706e754f0}: 'java.lang.Object java.lang.invoke.DirectMethodHandle$Holder.invokeStatic(java.lang.Object, int, java.lang.Object, java.lang.Object)'> (0x0000000706e754f0) 
thrown [s\src\hotspot\share\interpreter\linkResolver.cpp, line 759]
Event: 18.389 Thread 0x0000017e5f4fdc00 Exception <a 'java/lang/NoSuchMethodError'{0x0000000706e7f530}: 'java.lang.Object java.lang.invoke.DirectMethodHandle$Holder.newInvokeSpecial(java.lang.Object, int, java.lang.Object)'> (0x0000000706e7f530) 
thrown [s\src\hotspot\share\interpreter\linkResolver.cpp, line 759]
Event: 18.456 Thread 0x0000017e5f4fdc00 Exception <a 'java/lang/IncompatibleClassChangeError'{0x0000000706c2e3a0}: Found class java.lang.Object, but interface was expected> (0x0000000706c2e3a0) 
thrown [s\src\hotspot\share\interpreter\linkResolver.cpp, line 826]
Event: 19.347 Thread 0x0000017e5f4fdc00 Exception <a 'java/lang/NoSuchMethodError'{0x00000007066d7980}: 'java.lang.Object java.lang.invoke.DirectMethodHandle$Holder.newInvokeSpecial(java.lang.Object, java.lang.Object, java.lang.Object, int, int, java.lang.Object, java.lang.Object)'> (0x00000007066d7980) 
thrown [s\src\hotspot\share\interpreter\linkResolver.cpp, line 759]

VM Operations (20 events):
Event: 20.163 Executing VM operation: HandshakeAllThreads done
Event: 20.235 Executing VM operation: G1CollectForAllocation
Event: 20.241 Executing VM operation: G1CollectForAllocation done
Event: 20.543 Executing VM operation: HandshakeAllThreads
Event: 20.543 Executing VM operation: HandshakeAllThreads done
Event: 20.666 Executing VM operation: ICBufferFull
Event: 20.666 Executing VM operation: ICBufferFull done
Event: 20.756 Executing VM operation: G1CollectForAllocation
Event: 20.761 Executing VM operation: G1CollectForAllocation done
Event: 20.833 Executing VM operation: HandshakeAllThreads
Event: 20.833 Executing VM operation: HandshakeAllThreads done
Event: 20.879 Executing VM operation: G1PauseRemark
Event: 20.883 Executing VM operation: G1PauseRemark done
Event: 20.910 Executing VM operation: HandshakeAllThreads
Event: 20.910 Executing VM operation: HandshakeAllThreads done
Event: 20.928 Executing VM operation: G1PauseCleanup
Event: 20.928 Executing VM operation: G1PauseCleanup done
Event: 21.022 Executing VM operation: HandshakeAllThreads
Event: 21.022 Executing VM operation: HandshakeAllThreads done
Event: 21.784 Executing VM operation: G1CollectForAllocation

Memory protections (0 events):
No events

Nmethod flushes (20 events):
Event: 18.348 Thread 0x0000017e7e9e2660 flushing  nmethod 0x0000017e00ca3690
Event: 18.348 Thread 0x0000017e7e9e2660 flushing  nmethod 0x0000017e00ca6410
Event: 18.348 Thread 0x0000017e7e9e2660 flushing  nmethod 0x0000017e00caab90
Event: 18.348 Thread 0x0000017e7e9e2660 flushing  nmethod 0x0000017e00cc3a10
Event: 18.348 Thread 0x0000017e7e9e2660 flushing  nmethod 0x0000017e00cc3f90
Event: 18.348 Thread 0x0000017e7e9e2660 flushing  nmethod 0x0000017e00cc7790
Event: 18.348 Thread 0x0000017e7e9e2660 flushing  nmethod 0x0000017e00ccb110
Event: 18.348 Thread 0x0000017e7e9e2660 flushing  nmethod 0x0000017e00ccc510
Event: 18.348 Thread 0x0000017e7e9e2660 flushing  nmethod 0x0000017e00cd8810
Event: 18.348 Thread 0x0000017e7e9e2660 flushing  nmethod 0x0000017e00cdd490
Event: 18.348 Thread 0x0000017e7e9e2660 flushing  nmethod 0x0000017e00ce6d10
Event: 18.348 Thread 0x0000017e7e9e2660 flushing  nmethod 0x0000017e00ce9890
Event: 18.348 Thread 0x0000017e7e9e2660 flushing  nmethod 0x0000017e00cf0a10
Event: 18.348 Thread 0x0000017e7e9e2660 flushing  nmethod 0x0000017e00cfc090
Event: 18.349 Thread 0x0000017e7e9e2660 flushing  nmethod 0x0000017e00da6610
Event: 18.349 Thread 0x0000017e7e9e2660 flushing  nmethod 0x0000017e00da8f10
Event: 18.349 Thread 0x0000017e7e9e2660 flushing  nmethod 0x0000017e00dab590
Event: 18.349 Thread 0x0000017e7e9e2660 flushing  nmethod 0x0000017e00dbe590
Event: 18.349 Thread 0x0000017e7e9e2660 flushing  nmethod 0x0000017e00dc7e10
Event: 18.349 Thread 0x0000017e7e9e2660 flushing  nmethod 0x0000017e00e3b910

Events (20 events):
Event: 8.599 Thread 0x0000017e5f4fdc00 Thread added: 0x0000017e5f08d9b0
Event: 10.031 Thread 0x0000017e5f4fdc00 Thread added: 0x0000017e5f08bb50
Event: 10.995 Thread 0x0000017e7ef1b740 Thread exited: 0x0000017e7ef1b740
Event: 11.575 Thread 0x0000017e7e69b630 Thread added: 0x0000017e7ef1cc80
Event: 11.892 Thread 0x0000017e7ef1cc80 Thread exited: 0x0000017e7ef1cc80
Event: 12.300 Thread 0x0000017e7e9d8140 Thread added: 0x0000017e7ef1c1e0
Event: 12.562 Thread 0x0000017e7ef1c1e0 Thread exited: 0x0000017e7ef1c1e0
Event: 13.342 Thread 0x0000017e7e69b630 Thread added: 0x0000017e7ef1b740
Event: 13.891 Thread 0x0000017e7ef1b740 Thread exited: 0x0000017e7ef1b740
Event: 14.268 Thread 0x0000017e7e9d8140 Thread added: 0x0000017e7ef1aca0
Event: 14.462 Thread 0x0000017e7ef1aca0 Thread exited: 0x0000017e7ef1aca0
Event: 15.035 Thread 0x0000017e7e9d8140 Thread added: 0x0000017e7ef1b740
Event: 15.162 Thread 0x0000017e7ef1b740 Thread exited: 0x0000017e7ef1b740
Event: 15.474 Thread 0x0000017e7e9d8140 Thread added: 0x0000017e7ef1aca0
Event: 15.973 Thread 0x0000017e7ef1aca0 Thread exited: 0x0000017e7ef1aca0
Event: 16.173 Thread 0x0000017e7e9d8140 Thread added: 0x0000017e7ef1aca0
Event: 19.075 Thread 0x0000017e7ef1aca0 Thread exited: 0x0000017e7ef1aca0
Event: 19.157 Thread 0x0000017e7e9d8140 Thread added: 0x0000017e7eb595d0
Event: 20.081 Thread 0x0000017e7eb595d0 Thread exited: 0x0000017e7eb595d0
Event: 21.323 Thread 0x0000017e7e9d8140 Thread added: 0x0000017e7eb5d040


Dynamic libraries:
0x00007ff773c20000 - 0x00007ff773c2e000 	C:\Program Files\Eclipse Adoptium\jdk-17.0.17.10-hotspot\bin\java.exe
0x00007ffb4e780000 - 0x00007ffb4e9e7000 	C:\WINDOWS\SYSTEM32\ntdll.dll
0x00007ffb4d760000 - 0x00007ffb4d829000 	C:\WINDOWS\System32\KERNEL32.DLL
0x00007ffb4bee0000 - 0x00007ffb4c2cf000 	C:\WINDOWS\System32\KERNELBASE.dll
0x00007ffb4ba30000 - 0x00007ffb4bb7b000 	C:\WINDOWS\System32\ucrtbase.dll
0x00007ffb46470000 - 0x00007ffb4648e000 	C:\Program Files\Eclipse Adoptium\jdk-17.0.17.10-hotspot\bin\VCRUNTIME140.dll
0x00007ffb35de0000 - 0x00007ffb35df8000 	C:\Program Files\Eclipse Adoptium\jdk-17.0.17.10-hotspot\bin\jli.dll
0x00007ffb4d3c0000 - 0x00007ffb4d585000 	C:\WINDOWS\System32\USER32.dll
0x00007ffb4b8d0000 - 0x00007ffb4b8f7000 	C:\WINDOWS\System32\win32u.dll
0x00007ffb4dbb0000 - 0x00007ffb4dbdb000 	C:\WINDOWS\System32\GDI32.dll
0x00007ffb31e90000 - 0x00007ffb32123000 	C:\WINDOWS\WinSxS\amd64_microsoft.windows.common-controls_6595b64144ccf1df_6.0.26100.7309_none_3e05feeae336a044\COMCTL32.dll
0x00007ffb4d6b0000 - 0x00007ffb4d759000 	C:\WINDOWS\System32\msvcrt.dll
0x00007ffb4b900000 - 0x00007ffb4ba2c000 	C:\WINDOWS\System32\gdi32full.dll
0x00007ffb4be30000 - 0x00007ffb4bed3000 	C:\WINDOWS\System32\msvcp_win.dll
0x00007ffb4dd60000 - 0x00007ffb4dd91000 	C:\WINDOWS\System32\IMM32.DLL
0x00007ffb44990000 - 0x00007ffb4499c000 	C:\Program Files\Eclipse Adoptium\jdk-17.0.17.10-hotspot\bin\vcruntime140_1.dll
0x00007ffade1a0000 - 0x00007ffade22d000 	C:\Program Files\Eclipse Adoptium\jdk-17.0.17.10-hotspot\bin\msvcp140.dll
0x00007ffac7990000 - 0x00007ffac85fb000 	C:\Program Files\Eclipse Adoptium\jdk-17.0.17.10-hotspot\bin\server\jvm.dll
0x00007ffb4cb80000 - 0x00007ffb4cc34000 	C:\WINDOWS\System32\ADVAPI32.dll
0x00007ffb4d1b0000 - 0x00007ffb4d256000 	C:\WINDOWS\System32\sechost.dll
0x00007ffb4d8f0000 - 0x00007ffb4da08000 	C:\WINDOWS\System32\RPCRT4.dll
0x00007ffb4c530000 - 0x00007ffb4c5a4000 	C:\WINDOWS\System32\WS2_32.dll
0x00007ffb4b750000 - 0x00007ffb4b7ae000 	C:\WINDOWS\SYSTEM32\POWRPROF.dll
0x00007ffb374c0000 - 0x00007ffb374f5000 	C:\WINDOWS\SYSTEM32\WINMM.dll
0x00007ffb3cf30000 - 0x00007ffb3cf3b000 	C:\WINDOWS\SYSTEM32\VERSION.dll
0x00007ffb4b730000 - 0x00007ffb4b744000 	C:\WINDOWS\SYSTEM32\UMPDC.dll
0x00007ffb4a680000 - 0x00007ffb4a69b000 	C:\WINDOWS\SYSTEM32\kernel.appcore.dll
0x00007ffb35400000 - 0x00007ffb3540a000 	C:\Program Files\Eclipse Adoptium\jdk-17.0.17.10-hotspot\bin\jimage.dll
0x00007ffb49010000 - 0x00007ffb49252000 	C:\WINDOWS\SYSTEM32\DBGHELP.DLL
0x00007ffb4c670000 - 0x00007ffb4c9f6000 	C:\WINDOWS\System32\combase.dll
0x00007ffb4d0d0000 - 0x00007ffb4d1a6000 	C:\WINDOWS\System32\OLEAUT32.dll
0x00007ffb2be00000 - 0x00007ffb2be3c000 	C:\WINDOWS\SYSTEM32\dbgcore.DLL
0x00007ffb4bb80000 - 0x00007ffb4bc25000 	C:\WINDOWS\System32\bcryptPrimitives.dll
0x00007ffb21030000 - 0x00007ffb2103e000 	C:\Program Files\Eclipse Adoptium\jdk-17.0.17.10-hotspot\bin\instrument.dll
0x00007ffaeccd0000 - 0x00007ffaeccf5000 	C:\Program Files\Eclipse Adoptium\jdk-17.0.17.10-hotspot\bin\java.dll
0x00007ffadd220000 - 0x00007ffadd2f7000 	C:\Program Files\Eclipse Adoptium\jdk-17.0.17.10-hotspot\bin\jsvml.dll
0x00007ffb4dfe0000 - 0x00007ffb4e733000 	C:\WINDOWS\System32\SHELL32.dll
0x00007ffb4bcc0000 - 0x00007ffb4be2a000 	C:\WINDOWS\System32\wintypes.dll
0x00007ffb49510000 - 0x00007ffb49d6e000 	C:\WINDOWS\SYSTEM32\windows.storage.dll
0x00007ffb4dc60000 - 0x00007ffb4dd54000 	C:\WINDOWS\System32\SHCORE.dll
0x00007ffb4d840000 - 0x00007ffb4d8a6000 	C:\WINDOWS\System32\shlwapi.dll
0x00007ffb4b7f0000 - 0x00007ffb4b819000 	C:\WINDOWS\SYSTEM32\profapi.dll
0x00007ffb1e120000 - 0x00007ffb1e138000 	C:\Program Files\Eclipse Adoptium\jdk-17.0.17.10-hotspot\bin\zip.dll
0x00007ffb1de90000 - 0x00007ffb1deaa000 	C:\Program Files\Eclipse Adoptium\jdk-17.0.17.10-hotspot\bin\net.dll
0x00007ffb42050000 - 0x00007ffb42178000 	C:\WINDOWS\SYSTEM32\WINHTTP.dll
0x00007ffb4abf0000 - 0x00007ffb4ac5b000 	C:\WINDOWS\system32\mswsock.dll
0x00007ffb1ddd0000 - 0x00007ffb1dde6000 	C:\Program Files\Eclipse Adoptium\jdk-17.0.17.10-hotspot\bin\nio.dll
0x00007ffb20a60000 - 0x00007ffb20a70000 	C:\Program Files\Eclipse Adoptium\jdk-17.0.17.10-hotspot\bin\verify.dll
0x00007ffaee750000 - 0x00007ffaee777000 	C:\Users\User\.gradle\native\c067742578af261105cb4f569cf0c3c89f3d7b1fecec35dd04571415982c5e48\windows-amd64\native-platform.dll
0x00007ffad9b50000 - 0x00007ffad9c94000 	C:\Users\User\.gradle\native\38dada09dfb8b06ba9b0570ebf7e218e3eb74d4ef43ca46872605cf95ebc2f47\windows-amd64\native-platform-file-events.dll
0x00007ffb20360000 - 0x00007ffb2036a000 	C:\Program Files\Eclipse Adoptium\jdk-17.0.17.10-hotspot\bin\management.dll
0x00007ffb1fb10000 - 0x00007ffb1fb1c000 	C:\Program Files\Eclipse Adoptium\jdk-17.0.17.10-hotspot\bin\management_ext.dll
0x00007ffb4c520000 - 0x00007ffb4c528000 	C:\WINDOWS\System32\PSAPI.DLL
0x00007ffb4aeb0000 - 0x00007ffb4aecb000 	C:\WINDOWS\SYSTEM32\CRYPTSP.dll
0x00007ffb4a5e0000 - 0x00007ffb4a61a000 	C:\WINDOWS\system32\rsaenh.dll
0x00007ffb4aca0000 - 0x00007ffb4accb000 	C:\WINDOWS\SYSTEM32\USERENV.dll
0x00007ffb4b7c0000 - 0x00007ffb4b7ea000 	C:\WINDOWS\SYSTEM32\bcrypt.dll
0x00007ffb4aed0000 - 0x00007ffb4aedc000 	C:\WINDOWS\SYSTEM32\CRYPTBASE.dll
0x00007ffb4a0e0000 - 0x00007ffb4a114000 	C:\WINDOWS\SYSTEM32\IPHLPAPI.DLL
0x00007ffb4cb70000 - 0x00007ffb4cb7a000 	C:\WINDOWS\System32\NSI.dll
0x00007ffb42260000 - 0x00007ffb4227e000 	C:\WINDOWS\SYSTEM32\dhcpcsvc6.DLL
0x00007ffb41e30000 - 0x00007ffb41e53000 	C:\WINDOWS\SYSTEM32\dhcpcsvc.DLL
0x00007ffb4a180000 - 0x00007ffb4a2ac000 	C:\WINDOWS\SYSTEM32\DNSAPI.dll
0x00007ffb1e080000 - 0x00007ffb1e089000 	C:\Program Files\Eclipse Adoptium\jdk-17.0.17.10-hotspot\bin\extnet.dll
0x00007ffb166b0000 - 0x00007ffb166be000 	C:\Program Files\Eclipse Adoptium\jdk-17.0.17.10-hotspot\bin\sunmscapi.dll
0x00007ffb4c2e0000 - 0x00007ffb4c457000 	C:\WINDOWS\System32\CRYPT32.dll
0x00007ffb4b0d0000 - 0x00007ffb4b100000 	C:\WINDOWS\SYSTEM32\ncrypt.dll
0x00007ffb4b080000 - 0x00007ffb4b0bf000 	C:\WINDOWS\SYSTEM32\NTASN1.dll
0x00007ffae6d90000 - 0x00007ffae6d98000 	C:\WINDOWS\system32\wshunix.dll

dbghelp: loaded successfully - version: 4.0.5 - missing functions: none
symbol engine: initialized successfully - sym options: 0x614 - pdb path: .;C:\Program Files\Eclipse Adoptium\jdk-17.0.17.10-hotspot\bin;C:\WINDOWS\SYSTEM32;C:\WINDOWS\WinSxS\amd64_microsoft.windows.common-controls_6595b64144ccf1df_6.0.26100.7309_none_3e05feeae336a044;C:\Program Files\Eclipse Adoptium\jdk-17.0.17.10-hotspot\bin\server;C:\Users\User\.gradle\native\c067742578af261105cb4f569cf0c3c89f3d7b1fecec35dd04571415982c5e48\windows-amd64;C:\Users\User\.gradle\native\38dada09dfb8b06ba9b0570ebf7e218e3eb74d4ef43ca46872605cf95ebc2f47\windows-amd64

VM Arguments:
jvm_args: -XX:+HeapDumpOnOutOfMemoryError --add-opens=java.base/java.util=ALL-UNNAMED --add-opens=java.base/java.lang=ALL-UNNAMED --add-opens=java.base/java.lang.invoke=ALL-UNNAMED --add-opens=java.prefs/java.util.prefs=ALL-UNNAMED --add-opens=java.base/java.nio.charset=ALL-UNNAMED --add-opens=java.base/java.net=ALL-UNNAMED --add-opens=java.base/java.util.concurrent.atomic=ALL-UNNAMED -Xmx4G -Dfile.encoding=utf8 -Duser.country=US -Duser.language=en -Duser.variant -javaagent:C:\Users\User\.gradle\wrapper\dists\gradle-8.7-all\aan3ydargesu18aqyqjwhr3pc\gradle-8.7\lib\agents\gradle-instrumentation-agent-8.7.jar 
java_command: org.gradle.launcher.daemon.bootstrap.GradleDaemon 8.7
java_class_path (initial): C:\Users\User\.gradle\wrapper\dists\gradle-8.7-all\aan3ydargesu18aqyqjwhr3pc\gradle-8.7\lib\gradle-launcher-8.7.jar
Launcher Type: SUN_STANDARD

[Global flags]
     intx CICompilerCount                          = 3                                         {product} {ergonomic}
     uint ConcGCThreads                            = 1                                         {product} {ergonomic}
     uint G1ConcRefinementThreads                  = 4                                         {product} {ergonomic}
   size_t G1HeapRegionSize                         = 2097152                                   {product} {ergonomic}
    uintx GCDrainStackTargetSize                   = 64                                        {product} {ergonomic}
     bool HeapDumpOnOutOfMemoryError               = true                                   {manageable} {command line}
   size_t InitialHeapSize                          = 132120576                                 {product} {ergonomic}
   size_t MarkStackSize                            = 4194304                                   {product} {ergonomic}
   size_t MaxHeapSize                              = 4294967296                                {product} {command line}
   size_t MaxNewSize                               = 2575302656                                {product} {ergonomic}
   size_t MinHeapDeltaBytes                        = 2097152                                   {product} {ergonomic}
   size_t MinHeapSize                              = 8388608                                   {product} {ergonomic}
    uintx NonNMethodCodeHeapSize                   = 5832780                                {pd product} {ergonomic}
    uintx NonProfiledCodeHeapSize                  = 122912730                              {pd product} {ergonomic}
    uintx ProfiledCodeHeapSize                     = 122912730                              {pd product} {ergonomic}
    uintx ReservedCodeCacheSize                    = 251658240                              {pd product} {ergonomic}
     bool SegmentedCodeCache                       = true                                      {product} {ergonomic}
   size_t SoftMaxHeapSize                          = 4294967296                             {manageable} {ergonomic}
     bool UseCompressedClassPointers               = true                           {product lp64_product} {ergonomic}
     bool UseCompressedOops                        = true                           {product lp64_product} {ergonomic}
     bool UseG1GC                                  = true                                      {product} {ergonomic}
     bool UseLargePagesIndividualAllocation        = false                                  {pd product} {ergonomic}

Logging:
Log output configuration:
 #0: stdout all=warning uptime,level,tags
 #1: stderr all=off uptime,level,tags

Environment Variables:
PATH=C:\Program Files\Eclipse Adoptium\jdk-17.0.17.10-hotspot\bin;C:\Program Files\Eclipse Adoptium\jdk-25.0.1.8-hotspot\bin;C:\Python313\Scripts\;C:\Python313\;C:\oraclexe\app\oracle\product\10.2.0\server\bin;C:\WINDOWS\system32;C:\WINDOWS;C:\WINDOWS\System32\Wbem;C:\WINDOWS\System32\WindowsPowerShell\v1.0\;C:\WINDOWS\System32\OpenSSH\;C:\MinGW\bin;C:\Program Files\Dart\dart-sdk\bin;C:\Program Files\Git\cmd;C:\Program Files\nodejs\;C:\ProgramData\chocolatey\bin;C:\Program Files\cursor\resources\app\bin;C:\Program Files\GitHub CLI\;C:\Program Files\Microsoft SQL Server\170\Tools\Binn\;C:\Program Files (x86)\IncrediBuild;C:\Program Files (x86)\Windows Kits\10\Windows Performance Toolkit\;C:\Users\User\AppData\Local\Programs\Python\Python314\Scripts\;C:\Users\User\AppData\Local\Programs\Python\Python314\;C:\Users\User\AppData\Local\Microsoft\WindowsApps;C:\Users\User\AppData\Local\Programs\Microsoft VS Code\bin;C:\MinGW\mingw32\bin;C:\Flutter\src\flutter\bin;C:\Users\User\AppData\Roaming\npm;C:\Users\User\AppData\Local\Android\Sdk\emulator;C:\Users\User\AppData\Local\Android\Sdk\platform-tools;C:\Users\User\AppData\Local\Android\Sdk\tools;C:\Users\User\AppData\Local\Android\Sdk\tools\bin;C:\Users\User\AppData\Local\JetBrains\Toolbox\scripts;C:\Users\User\AppData\Roaming\Python\Scripts;;%USERPROFILE%\AppData\Local\Microsoft\WindowsApps
USERNAME=User
OS=Windows_NT
PROCESSOR_IDENTIFIER=Intel64 Family 6 Model 126 Stepping 5, GenuineIntel
TMP=C:\Users\User\AppData\Local\Temp
TEMP=C:\Users\User\AppData\Local\Temp



Periodic native trim disabled


---------------  S Y S T E M  ---------------

OS:
 Windows 11 , 64 bit Build 26100 (10.0.26100.7309)
OS uptime: 0 days 20:02 hours

CPU: total 4 (initial active 4) (2 cores per cpu, 2 threads per core) family 6 model 126 stepping 5 microcode 0xc4, cx8, cmov, fxsr, ht, mmx, 3dnowpref, sse, sse2, sse3, ssse3, sse4.1, sse4.2, popcnt, lzcnt, tsc, tscinvbit, avx, avx2, aes, erms, clmul, bmi1, bmi2, adx, avx512f, avx512dq, avx512cd, avx512bw, avx512vl, sha, fma, vzeroupper, avx512_vpopcntdq, avx512_vpclmulqdq, avx512_vaes, avx512_vnni, clflush, clflushopt, avx512_vbmi2, avx512_vbmi
Processor Information for all 4 processors :
  Max Mhz: 1190, Current Mhz: 1190, Mhz Limit: 1190

Memory: 4k page, system-wide physical 7973M (887M free)
TotalPageFile size 32549M (AvailPageFile size 117M)
current process WorkingSet (physical memory assigned to process): 395M, peak: 395M
current process commit charge ("private bytes"): 427M, peak: 427M

vm_info: OpenJDK 64-Bit Server VM (17.0.17+10) for windows-amd64 JRE (17.0.17+10), built on Oct 21 2025 23:25:32 by "admin" with unknown MS VC++:1942

END.
